{"/Users/muradjabbarov/nextjs/next.config.mjs": {"path":"/Users/muradjabbarov/nextjs/next.config.mjs","all":false,"statementMap":{"0":{"start":{"line":1,"column":0},"end":{"line":1,"column":40}},"1":{"start":{"line":2,"column":0},"end":{"line":2,"column":20}},"2":{"start":{"line":3,"column":0},"end":{"line":3,"column":26}},"3":{"start":{"line":4,"column":0},"end":{"line":4,"column":40}},"4":{"start":{"line":5,"column":0},"end":{"line":5,"column":24}},"5":{"start":{"line":6,"column":0},"end":{"line":6,"column":47}},"6":{"start":{"line":7,"column":0},"end":{"line":7,"column":9}},"7":{"start":{"line":8,"column":0},"end":{"line":8,"column":22}},"8":{"start":{"line":9,"column":0},"end":{"line":9,"column":6}},"9":{"start":{"line":10,"column":0},"end":{"line":10,"column":10}},"10":{"start":{"line":11,"column":0},"end":{"line":11,"column":31}},"11":{"start":{"line":12,"column":0},"end":{"line":12,"column":6}},"12":{"start":{"line":13,"column":0},"end":{"line":13,"column":2}},"13":{"start":{"line":14,"column":0},"end":{"line":14,"column":0}},"14":{"start":{"line":15,"column":0},"end":{"line":15,"column":26}}},"s":{"0":1,"1":1,"2":1,"3":1,"4":0,"5":0,"6":0,"7":0,"8":1,"9":1,"10":1,"11":1,"12":1,"13":1,"14":1},"branchMap":{},"b":{},"fnMap":{"0":{"name":"webpack","decl":{"start":{"line":4,"column":13},"end":{"line":9,"column":5}},"loc":{"start":{"line":4,"column":13},"end":{"line":9,"column":5}},"line":4}},"f":{"0":0}}
,"/Users/muradjabbarov/nextjs/components/BookList.tsx": {"path":"/Users/muradjabbarov/nextjs/components/BookList.tsx","all":false,"statementMap":{"0":{"start":{"line":1,"column":0},"end":{"line":1,"column":41}},"2":{"start":{"line":3,"column":0},"end":{"line":3,"column":59}},"3":{"start":{"line":4,"column":0},"end":{"line":4,"column":43}},"13":{"start":{"line":14,"column":0},"end":{"line":14,"column":103}},"14":{"start":{"line":15,"column":0},"end":{"line":15,"column":40}},"16":{"start":{"line":17,"column":0},"end":{"line":17,"column":45}},"17":{"start":{"line":18,"column":0},"end":{"line":18,"column":42}},"18":{"start":{"line":19,"column":0},"end":{"line":19,"column":66}},"19":{"start":{"line":20,"column":0},"end":{"line":20,"column":36}},"20":{"start":{"line":21,"column":0},"end":{"line":21,"column":16}},"21":{"start":{"line":22,"column":0},"end":{"line":22,"column":53}},"22":{"start":{"line":23,"column":0},"end":{"line":23,"column":9}},"23":{"start":{"line":24,"column":0},"end":{"line":24,"column":6}},"27":{"start":{"line":28,"column":0},"end":{"line":28,"column":21}},"28":{"start":{"line":29,"column":0},"end":{"line":29,"column":23}},"29":{"start":{"line":30,"column":0},"end":{"line":30,"column":24}},"31":{"start":{"line":32,"column":0},"end":{"line":32,"column":75}},"33":{"start":{"line":34,"column":0},"end":{"line":34,"column":12}},"34":{"start":{"line":35,"column":0},"end":{"line":35,"column":82}},"35":{"start":{"line":36,"column":0},"end":{"line":36,"column":20}},"36":{"start":{"line":37,"column":0},"end":{"line":37,"column":48}},"37":{"start":{"line":38,"column":0},"end":{"line":38,"column":133}},"38":{"start":{"line":39,"column":0},"end":{"line":39,"column":96}},"39":{"start":{"line":40,"column":0},"end":{"line":40,"column":77}},"40":{"start":{"line":41,"column":0},"end":{"line":41,"column":59}},"42":{"start":{"line":43,"column":0},"end":{"line":43,"column":151}},"43":{"start":{"line":44,"column":0},"end":{"line":44,"column":30}},"44":{"start":{"line":45,"column":0},"end":{"line":45,"column":103}},"45":{"start":{"line":46,"column":0},"end":{"line":46,"column":26}},"46":{"start":{"line":47,"column":0},"end":{"line":47,"column":19}},"47":{"start":{"line":48,"column":0},"end":{"line":48,"column":14}},"49":{"start":{"line":50,"column":0},"end":{"line":50,"column":2}}},"s":{"0":1,"2":1,"3":1,"13":1,"14":6,"16":6,"17":2,"18":1,"19":1,"20":1,"21":1,"22":1,"23":2,"27":6,"28":5,"29":6,"31":6,"33":4,"34":4,"35":4,"36":4,"37":8,"38":8,"39":8,"40":8,"42":8,"43":8,"44":8,"45":8,"46":4,"47":6,"49":6},"branchMap":{"0":{"type":"branch","line":14,"loc":{"start":{"line":14,"column":41},"end":{"line":50,"column":2}},"locations":[{"start":{"line":14,"column":41},"end":{"line":50,"column":2}}]},"1":{"type":"branch","line":32,"loc":{"start":{"line":32,"column":22},"end":{"line":47,"column":19}},"locations":[{"start":{"line":32,"column":22},"end":{"line":47,"column":19}}]},"2":{"type":"branch","line":32,"loc":{"start":{"line":32,"column":22},"end":{"line":32,"column":75}},"locations":[{"start":{"line":32,"column":22},"end":{"line":32,"column":75}}]},"3":{"type":"branch","line":32,"loc":{"start":{"line":32,"column":69},"end":{"line":47,"column":19}},"locations":[{"start":{"line":32,"column":69},"end":{"line":47,"column":19}}]},"4":{"type":"branch","line":17,"loc":{"start":{"line":17,"column":28},"end":{"line":24,"column":6}},"locations":[{"start":{"line":17,"column":28},"end":{"line":24,"column":6}}]},"5":{"type":"branch","line":18,"loc":{"start":{"line":18,"column":41},"end":{"line":23,"column":9}},"locations":[{"start":{"line":18,"column":41},"end":{"line":23,"column":9}}]},"6":{"type":"branch","line":19,"loc":{"start":{"line":19,"column":45},"end":{"line":19,"column":64}},"locations":[{"start":{"line":19,"column":45},"end":{"line":19,"column":64}}]},"7":{"type":"branch","line":28,"loc":{"start":{"line":28,"column":14},"end":{"line":30,"column":7}},"locations":[{"start":{"line":28,"column":14},"end":{"line":30,"column":7}}]},"8":{"type":"branch","line":37,"loc":{"start":{"line":37,"column":37},"end":{"line":46,"column":26}},"locations":[{"start":{"line":37,"column":37},"end":{"line":46,"column":26}}]},"9":{"type":"branch","line":43,"loc":{"start":{"line":43,"column":85},"end":{"line":43,"column":110}},"locations":[{"start":{"line":43,"column":85},"end":{"line":43,"column":110}}]},"10":{"type":"branch","line":38,"loc":{"start":{"line":38,"column":104},"end":{"line":38,"column":133}},"locations":[{"start":{"line":38,"column":104},"end":{"line":38,"column":133}}]}},"b":{"0":[6],"1":[5],"2":[2],"3":[4],"4":[2],"5":[1],"6":[1],"7":[5],"8":[8],"9":[0],"10":[2]},"fnMap":{"0":{"name":"BookList","decl":{"start":{"line":14,"column":41},"end":{"line":50,"column":2}},"loc":{"start":{"line":14,"column":41},"end":{"line":50,"column":2}},"line":14},"1":{"name":"handleClickItem","decl":{"start":{"line":17,"column":28},"end":{"line":24,"column":6}},"loc":{"start":{"line":17,"column":28},"end":{"line":24,"column":6}},"line":17},"2":{"name":"onClick","decl":{"start":{"line":38,"column":104},"end":{"line":38,"column":133}},"loc":{"start":{"line":38,"column":104},"end":{"line":38,"column":133}},"line":38}},"f":{"0":6,"1":2,"2":2}}
,"/Users/muradjabbarov/nextjs/components/Flyout.tsx": {"path":"/Users/muradjabbarov/nextjs/components/Flyout.tsx","all":false,"statementMap":{"0":{"start":{"line":1,"column":0},"end":{"line":1,"column":40}},"1":{"start":{"line":2,"column":0},"end":{"line":2,"column":59}},"3":{"start":{"line":4,"column":0},"end":{"line":4,"column":41}},"10":{"start":{"line":11,"column":0},"end":{"line":11,"column":62}},"11":{"start":{"line":12,"column":0},"end":{"line":12,"column":40}},"13":{"start":{"line":14,"column":0},"end":{"line":14,"column":36}},"14":{"start":{"line":15,"column":0},"end":{"line":15,"column":28}},"15":{"start":{"line":16,"column":0},"end":{"line":16,"column":6}},"17":{"start":{"line":18,"column":0},"end":{"line":18,"column":45}},"18":{"start":{"line":19,"column":0},"end":{"line":19,"column":34}},"19":{"start":{"line":20,"column":0},"end":{"line":20,"column":46}},"21":{"start":{"line":22,"column":0},"end":{"line":22,"column":55}},"22":{"start":{"line":23,"column":0},"end":{"line":23,"column":40}},"23":{"start":{"line":24,"column":0},"end":{"line":24,"column":40}},"24":{"start":{"line":25,"column":0},"end":{"line":25,"column":80}},"25":{"start":{"line":26,"column":0},"end":{"line":26,"column":11}},"27":{"start":{"line":28,"column":0},"end":{"line":28,"column":28}},"28":{"start":{"line":29,"column":0},"end":{"line":29,"column":38}},"29":{"start":{"line":30,"column":0},"end":{"line":30,"column":47}},"30":{"start":{"line":31,"column":0},"end":{"line":31,"column":11}},"32":{"start":{"line":33,"column":0},"end":{"line":33,"column":80}},"33":{"start":{"line":34,"column":0},"end":{"line":34,"column":46}},"34":{"start":{"line":35,"column":0},"end":{"line":35,"column":20}},"35":{"start":{"line":36,"column":0},"end":{"line":36,"column":6}},"37":{"start":{"line":38,"column":0},"end":{"line":38,"column":12}},"38":{"start":{"line":39,"column":0},"end":{"line":39,"column":71}},"39":{"start":{"line":40,"column":0},"end":{"line":40,"column":136}},"40":{"start":{"line":41,"column":0},"end":{"line":41,"column":51}},"41":{"start":{"line":42,"column":0},"end":{"line":42,"column":99}},"43":{"start":{"line":44,"column":0},"end":{"line":44,"column":25}},"44":{"start":{"line":45,"column":0},"end":{"line":45,"column":164}},"46":{"start":{"line":47,"column":0},"end":{"line":47,"column":20}},"47":{"start":{"line":48,"column":0},"end":{"line":48,"column":18}},"48":{"start":{"line":49,"column":0},"end":{"line":49,"column":14}},"50":{"start":{"line":51,"column":0},"end":{"line":51,"column":2}},"52":{"start":{"line":53,"column":0},"end":{"line":53,"column":22}}},"s":{"0":1,"1":1,"3":1,"10":1,"11":5,"13":5,"14":1,"15":1,"17":5,"18":5,"19":2,"21":1,"22":1,"23":1,"24":2,"25":1,"27":1,"28":1,"29":3,"30":1,"32":1,"33":1,"34":1,"35":2,"37":5,"38":5,"39":5,"40":5,"41":5,"43":5,"44":5,"46":5,"47":5,"48":5,"50":5,"52":1},"branchMap":{"0":{"type":"branch","line":11,"loc":{"start":{"line":11,"column":15},"end":{"line":51,"column":2}},"locations":[{"start":{"line":11,"column":15},"end":{"line":51,"column":2}}]},"1":{"type":"branch","line":40,"loc":{"start":{"line":40,"column":107},"end":{"line":40,"column":121}},"locations":[{"start":{"line":40,"column":107},"end":{"line":40,"column":121}}]},"2":{"type":"branch","line":40,"loc":{"start":{"line":40,"column":111},"end":{"line":40,"column":127}},"locations":[{"start":{"line":40,"column":111},"end":{"line":40,"column":127}}]},"3":{"type":"branch","line":14,"loc":{"start":{"line":14,"column":29},"end":{"line":16,"column":6}},"locations":[{"start":{"line":14,"column":29},"end":{"line":16,"column":6}}]},"4":{"type":"branch","line":19,"loc":{"start":{"line":19,"column":27},"end":{"line":36,"column":6}},"locations":[{"start":{"line":19,"column":27},"end":{"line":36,"column":6}}]},"5":{"type":"branch","line":20,"loc":{"start":{"line":20,"column":39},"end":{"line":35,"column":20}},"locations":[{"start":{"line":20,"column":39},"end":{"line":35,"column":20}}]},"6":{"type":"branch","line":24,"loc":{"start":{"line":24,"column":29},"end":{"line":26,"column":9}},"locations":[{"start":{"line":24,"column":29},"end":{"line":26,"column":9}}]},"7":{"type":"branch","line":25,"loc":{"start":{"line":25,"column":53},"end":{"line":25,"column":77}},"locations":[{"start":{"line":25,"column":53},"end":{"line":25,"column":77}}]},"8":{"type":"branch","line":29,"loc":{"start":{"line":29,"column":28},"end":{"line":31,"column":9}},"locations":[{"start":{"line":29,"column":28},"end":{"line":31,"column":9}}]}},"b":{"0":[5],"1":[4],"2":[1],"3":[1],"4":[2],"5":[1],"6":[2],"7":[10],"8":[3]},"fnMap":{"0":{"name":"Flyout","decl":{"start":{"line":11,"column":15},"end":{"line":51,"column":2}},"loc":{"start":{"line":11,"column":15},"end":{"line":51,"column":2}},"line":11},"1":{"name":"handleRemoveItem","decl":{"start":{"line":14,"column":29},"end":{"line":16,"column":6}},"loc":{"start":{"line":14,"column":29},"end":{"line":16,"column":6}},"line":14},"2":{"name":"handleDownload","decl":{"start":{"line":19,"column":27},"end":{"line":36,"column":6}},"loc":{"start":{"line":19,"column":27},"end":{"line":36,"column":6}},"line":19}},"f":{"0":5,"1":1,"2":2}}
,"/Users/muradjabbarov/nextjs/components/Header.tsx": {"path":"/Users/muradjabbarov/nextjs/components/Header.tsx","all":false,"statementMap":{"0":{"start":{"line":1,"column":0},"end":{"line":1,"column":26}},"1":{"start":{"line":2,"column":0},"end":{"line":2,"column":41}},"2":{"start":{"line":3,"column":0},"end":{"line":3,"column":59}},"4":{"start":{"line":5,"column":0},"end":{"line":5,"column":29}},"5":{"start":{"line":6,"column":0},"end":{"line":6,"column":53}},"7":{"start":{"line":8,"column":0},"end":{"line":8,"column":12}},"8":{"start":{"line":9,"column":0},"end":{"line":9,"column":42}},"9":{"start":{"line":10,"column":0},"end":{"line":10,"column":85}},"10":{"start":{"line":11,"column":0},"end":{"line":11,"column":17}},"11":{"start":{"line":12,"column":0},"end":{"line":12,"column":62}},"12":{"start":{"line":13,"column":0},"end":{"line":13,"column":138}},"13":{"start":{"line":14,"column":0},"end":{"line":14,"column":59}},"14":{"start":{"line":15,"column":0},"end":{"line":15,"column":24}},"15":{"start":{"line":16,"column":0},"end":{"line":16,"column":18}},"16":{"start":{"line":17,"column":0},"end":{"line":17,"column":17}},"18":{"start":{"line":19,"column":0},"end":{"line":19,"column":2}}},"s":{"0":1,"1":1,"2":1,"4":1,"5":3,"7":3,"8":3,"9":3,"10":3,"11":3,"12":3,"13":3,"14":3,"15":3,"16":3,"18":3},"branchMap":{"0":{"type":"branch","line":5,"loc":{"start":{"line":5,"column":22},"end":{"line":19,"column":2}},"locations":[{"start":{"line":5,"column":22},"end":{"line":19,"column":2}}]}},"b":{"0":[3]},"fnMap":{"0":{"name":"Header","decl":{"start":{"line":5,"column":22},"end":{"line":19,"column":2}},"loc":{"start":{"line":5,"column":22},"end":{"line":19,"column":2}},"line":5}},"f":{"0":3}}
,"/Users/muradjabbarov/nextjs/components/Pagination.tsx": {"path":"/Users/muradjabbarov/nextjs/components/Pagination.tsx","all":false,"statementMap":{"0":{"start":{"line":1,"column":0},"end":{"line":1,"column":40}},"1":{"start":{"line":2,"column":0},"end":{"line":2,"column":59}},"2":{"start":{"line":3,"column":0},"end":{"line":3,"column":45}},"7":{"start":{"line":8,"column":0},"end":{"line":8,"column":59}},"8":{"start":{"line":9,"column":0},"end":{"line":9,"column":40}},"9":{"start":{"line":10,"column":0},"end":{"line":10,"column":31}},"11":{"start":{"line":12,"column":0},"end":{"line":12,"column":30}},"12":{"start":{"line":13,"column":0},"end":{"line":13,"column":30}},"13":{"start":{"line":14,"column":0},"end":{"line":14,"column":53}},"14":{"start":{"line":15,"column":0},"end":{"line":15,"column":9}},"15":{"start":{"line":16,"column":0},"end":{"line":16,"column":6}},"17":{"start":{"line":18,"column":0},"end":{"line":18,"column":30}},"18":{"start":{"line":19,"column":0},"end":{"line":19,"column":31}},"19":{"start":{"line":20,"column":0},"end":{"line":20,"column":53}},"20":{"start":{"line":21,"column":0},"end":{"line":21,"column":9}},"21":{"start":{"line":22,"column":0},"end":{"line":22,"column":6}},"23":{"start":{"line":24,"column":0},"end":{"line":24,"column":12}},"24":{"start":{"line":25,"column":0},"end":{"line":25,"column":69}},"25":{"start":{"line":26,"column":0},"end":{"line":26,"column":166}},"27":{"start":{"line":28,"column":0},"end":{"line":28,"column":21}},"28":{"start":{"line":29,"column":0},"end":{"line":29,"column":91}},"29":{"start":{"line":30,"column":0},"end":{"line":30,"column":168}},"31":{"start":{"line":32,"column":0},"end":{"line":32,"column":21}},"32":{"start":{"line":33,"column":0},"end":{"line":33,"column":14}},"34":{"start":{"line":35,"column":0},"end":{"line":35,"column":2}}},"s":{"0":1,"1":1,"2":1,"7":1,"8":9,"9":9,"11":9,"12":1,"13":1,"14":1,"15":1,"17":9,"18":1,"19":1,"20":1,"21":1,"23":9,"24":9,"25":9,"27":9,"28":9,"29":9,"31":9,"32":9,"34":9},"branchMap":{"0":{"type":"branch","line":8,"loc":{"start":{"line":8,"column":26},"end":{"line":35,"column":2}},"locations":[{"start":{"line":8,"column":26},"end":{"line":35,"column":2}}]},"1":{"type":"branch","line":12,"loc":{"start":{"line":12,"column":23},"end":{"line":16,"column":6}},"locations":[{"start":{"line":12,"column":23},"end":{"line":16,"column":6}}]},"2":{"type":"branch","line":18,"loc":{"start":{"line":18,"column":23},"end":{"line":22,"column":6}},"locations":[{"start":{"line":18,"column":23},"end":{"line":22,"column":6}}]}},"b":{"0":[9],"1":[1],"2":[1]},"fnMap":{"0":{"name":"Pagination","decl":{"start":{"line":8,"column":26},"end":{"line":35,"column":2}},"loc":{"start":{"line":8,"column":26},"end":{"line":35,"column":2}},"line":8},"1":{"name":"handlePrev","decl":{"start":{"line":12,"column":23},"end":{"line":16,"column":6}},"loc":{"start":{"line":12,"column":23},"end":{"line":16,"column":6}},"line":12},"2":{"name":"handleNext","decl":{"start":{"line":18,"column":23},"end":{"line":22,"column":6}},"loc":{"start":{"line":18,"column":23},"end":{"line":22,"column":6}},"line":18}},"f":{"0":9,"1":1,"2":1}}
,"/Users/muradjabbarov/nextjs/contexts/ThemeContext.tsx": {"path":"/Users/muradjabbarov/nextjs/contexts/ThemeContext.tsx","all":false,"statementMap":{"0":{"start":{"line":1,"column":0},"end":{"line":1,"column":78}},"9":{"start":{"line":10,"column":0},"end":{"line":10,"column":83}},"15":{"start":{"line":16,"column":0},"end":{"line":16,"column":78}},"16":{"start":{"line":17,"column":0},"end":{"line":17,"column":55}},"18":{"start":{"line":19,"column":0},"end":{"line":19,"column":31}},"19":{"start":{"line":20,"column":0},"end":{"line":20,"column":76}},"20":{"start":{"line":21,"column":0},"end":{"line":21,"column":6}},"22":{"start":{"line":23,"column":0},"end":{"line":23,"column":100}},"23":{"start":{"line":24,"column":0},"end":{"line":24,"column":2}},"25":{"start":{"line":26,"column":0},"end":{"line":26,"column":38}},"26":{"start":{"line":27,"column":0},"end":{"line":27,"column":45}},"27":{"start":{"line":28,"column":0},"end":{"line":28,"column":19}},"28":{"start":{"line":29,"column":0},"end":{"line":29,"column":74}},"29":{"start":{"line":30,"column":0},"end":{"line":30,"column":5}},"30":{"start":{"line":31,"column":0},"end":{"line":31,"column":19}},"31":{"start":{"line":32,"column":0},"end":{"line":32,"column":2}}},"s":{"0":1,"9":1,"15":1,"16":5,"18":5,"19":2,"20":2,"22":5,"23":5,"25":1,"26":5,"27":5,"28":1,"29":1,"30":4,"31":4},"branchMap":{"0":{"type":"branch","line":16,"loc":{"start":{"line":16,"column":59},"end":{"line":24,"column":2}},"locations":[{"start":{"line":16,"column":59},"end":{"line":24,"column":2}}]},"1":{"type":"branch","line":19,"loc":{"start":{"line":19,"column":24},"end":{"line":21,"column":6}},"locations":[{"start":{"line":19,"column":24},"end":{"line":21,"column":6}}]},"2":{"type":"branch","line":20,"loc":{"start":{"line":20,"column":17},"end":{"line":20,"column":74}},"locations":[{"start":{"line":20,"column":17},"end":{"line":20,"column":74}}]},"3":{"type":"branch","line":20,"loc":{"start":{"line":20,"column":47},"end":{"line":20,"column":66}},"locations":[{"start":{"line":20,"column":47},"end":{"line":20,"column":66}}]},"4":{"type":"branch","line":20,"loc":{"start":{"line":20,"column":57},"end":{"line":20,"column":74}},"locations":[{"start":{"line":20,"column":57},"end":{"line":20,"column":74}}]},"5":{"type":"branch","line":26,"loc":{"start":{"line":26,"column":31},"end":{"line":32,"column":2}},"locations":[{"start":{"line":26,"column":31},"end":{"line":32,"column":2}}]},"6":{"type":"branch","line":28,"loc":{"start":{"line":28,"column":18},"end":{"line":30,"column":5}},"locations":[{"start":{"line":28,"column":18},"end":{"line":30,"column":5}}]},"7":{"type":"branch","line":30,"loc":{"start":{"line":30,"column":4},"end":{"line":32,"column":2}},"locations":[{"start":{"line":30,"column":4},"end":{"line":32,"column":2}}]}},"b":{"0":[5],"1":[2],"2":[2],"3":[1],"4":[1],"5":[5],"6":[1],"7":[4]},"fnMap":{"0":{"name":"ThemeProvider","decl":{"start":{"line":16,"column":59},"end":{"line":24,"column":2}},"loc":{"start":{"line":16,"column":59},"end":{"line":24,"column":2}},"line":16},"1":{"name":"toggleTheme","decl":{"start":{"line":19,"column":24},"end":{"line":21,"column":6}},"loc":{"start":{"line":19,"column":24},"end":{"line":21,"column":6}},"line":19},"2":{"name":"useThemeContext","decl":{"start":{"line":26,"column":31},"end":{"line":32,"column":2}},"loc":{"start":{"line":26,"column":31},"end":{"line":32,"column":2}},"line":26}},"f":{"0":5,"1":2,"2":5}}
,"/Users/muradjabbarov/nextjs/pages/_app.tsx": {"path":"/Users/muradjabbarov/nextjs/pages/_app.tsx","all":false,"statementMap":{"0":{"start":{"line":1,"column":0},"end":{"line":1,"column":48}},"1":{"start":{"line":2,"column":0},"end":{"line":2,"column":57}},"2":{"start":{"line":3,"column":0},"end":{"line":3,"column":31}},"4":{"start":{"line":5,"column":0},"end":{"line":5,"column":55}},"5":{"start":{"line":6,"column":0},"end":{"line":6,"column":12}},"6":{"start":{"line":7,"column":0},"end":{"line":7,"column":23}},"7":{"start":{"line":8,"column":0},"end":{"line":8,"column":40}},"8":{"start":{"line":9,"column":0},"end":{"line":9,"column":24}},"10":{"start":{"line":11,"column":0},"end":{"line":11,"column":2}},"12":{"start":{"line":13,"column":0},"end":{"line":13,"column":59}},"13":{"start":{"line":14,"column":0},"end":{"line":14,"column":42}},"15":{"start":{"line":16,"column":0},"end":{"line":16,"column":23}},"16":{"start":{"line":17,"column":0},"end":{"line":17,"column":36}},"17":{"start":{"line":18,"column":0},"end":{"line":18,"column":57}},"18":{"start":{"line":19,"column":0},"end":{"line":19,"column":5}},"20":{"start":{"line":21,"column":0},"end":{"line":21,"column":25}},"21":{"start":{"line":22,"column":0},"end":{"line":22,"column":2}},"23":{"start":{"line":24,"column":0},"end":{"line":24,"column":21}}},"s":{"0":1,"1":1,"2":1,"4":1,"5":1,"6":1,"7":1,"8":1,"10":1,"12":1,"13":2,"15":2,"16":2,"17":1,"18":1,"20":2,"21":2,"23":1},"branchMap":{"0":{"type":"branch","line":5,"loc":{"start":{"line":5,"column":14},"end":{"line":11,"column":2}},"locations":[{"start":{"line":5,"column":14},"end":{"line":11,"column":2}}]},"1":{"type":"branch","line":13,"loc":{"start":{"line":13,"column":24},"end":{"line":22,"column":2}},"locations":[{"start":{"line":13,"column":24},"end":{"line":22,"column":2}}]},"2":{"type":"branch","line":17,"loc":{"start":{"line":17,"column":35},"end":{"line":19,"column":5}},"locations":[{"start":{"line":17,"column":35},"end":{"line":19,"column":5}}]}},"b":{"0":[1],"1":[2],"2":[1]},"fnMap":{"0":{"name":"MyApp","decl":{"start":{"line":5,"column":14},"end":{"line":11,"column":2}},"loc":{"start":{"line":5,"column":14},"end":{"line":11,"column":2}},"line":5},"1":{"name":"MyApp.getInitialProps","decl":{"start":{"line":13,"column":24},"end":{"line":22,"column":2}},"loc":{"start":{"line":13,"column":24},"end":{"line":22,"column":2}},"line":13}},"f":{"0":1,"1":2}}
,"/Users/muradjabbarov/nextjs/pages/_document.tsx": {"path":"/Users/muradjabbarov/nextjs/pages/_document.tsx","all":true,"statementMap":{"0":{"start":{"line":1,"column":0},"end":{"line":1,"column":110}},"2":{"start":{"line":3,"column":0},"end":{"line":3,"column":35}},"3":{"start":{"line":4,"column":0},"end":{"line":4,"column":87}},"4":{"start":{"line":5,"column":0},"end":{"line":5,"column":65}},"5":{"start":{"line":6,"column":0},"end":{"line":6,"column":35}},"6":{"start":{"line":7,"column":0},"end":{"line":7,"column":5}},"8":{"start":{"line":9,"column":0},"end":{"line":9,"column":14}},"9":{"start":{"line":10,"column":0},"end":{"line":10,"column":16}},"10":{"start":{"line":11,"column":0},"end":{"line":11,"column":18}},"11":{"start":{"line":12,"column":0},"end":{"line":12,"column":24}},"12":{"start":{"line":13,"column":0},"end":{"line":13,"column":22}},"13":{"start":{"line":14,"column":0},"end":{"line":14,"column":28}},"14":{"start":{"line":15,"column":0},"end":{"line":15,"column":34}},"15":{"start":{"line":16,"column":0},"end":{"line":16,"column":23}},"16":{"start":{"line":17,"column":0},"end":{"line":17,"column":19}},"18":{"start":{"line":19,"column":0},"end":{"line":19,"column":5}},"19":{"start":{"line":20,"column":0},"end":{"line":20,"column":1}},"21":{"start":{"line":22,"column":0},"end":{"line":22,"column":26}}},"s":{"0":0,"2":0,"3":0,"4":0,"5":0,"6":0,"8":0,"9":0,"10":0,"11":0,"12":0,"13":0,"14":0,"15":0,"16":0,"18":0,"19":0,"21":0},"branchMap":{"0":{"type":"branch","line":1,"loc":{"start":{"line":1,"column":0},"end":{"line":22,"column":-159}},"locations":[{"start":{"line":1,"column":0},"end":{"line":22,"column":-159}}]}},"b":{"0":[0]},"fnMap":{"0":{"name":"(empty-report)","decl":{"start":{"line":1,"column":0},"end":{"line":22,"column":-159}},"loc":{"start":{"line":1,"column":0},"end":{"line":22,"column":-159}},"line":1}},"f":{"0":0}}
,"/Users/muradjabbarov/nextjs/pages/index.tsx": {"path":"/Users/muradjabbarov/nextjs/pages/index.tsx","all":false,"statementMap":{"0":{"start":{"line":1,"column":0},"end":{"line":1,"column":49}},"1":{"start":{"line":2,"column":0},"end":{"line":2,"column":40}},"2":{"start":{"line":3,"column":0},"end":{"line":3,"column":50}},"3":{"start":{"line":4,"column":0},"end":{"line":4,"column":46}},"4":{"start":{"line":5,"column":0},"end":{"line":5,"column":54}},"5":{"start":{"line":6,"column":0},"end":{"line":6,"column":42}},"6":{"start":{"line":7,"column":0},"end":{"line":7,"column":59}},"21":{"start":{"line":22,"column":0},"end":{"line":22,"column":66}},"22":{"start":{"line":23,"column":0},"end":{"line":23,"column":40}},"23":{"start":{"line":24,"column":0},"end":{"line":24,"column":54}},"24":{"start":{"line":25,"column":0},"end":{"line":25,"column":70}},"26":{"start":{"line":27,"column":0},"end":{"line":27,"column":12}},"27":{"start":{"line":28,"column":0},"end":{"line":28,"column":44}},"28":{"start":{"line":29,"column":0},"end":{"line":29,"column":22}},"29":{"start":{"line":30,"column":0},"end":{"line":30,"column":130}},"30":{"start":{"line":31,"column":0},"end":{"line":31,"column":52}},"31":{"start":{"line":32,"column":0},"end":{"line":32,"column":124}},"32":{"start":{"line":33,"column":0},"end":{"line":33,"column":14}},"34":{"start":{"line":35,"column":0},"end":{"line":35,"column":1}},"36":{"start":{"line":37,"column":0},"end":{"line":37,"column":81}},"37":{"start":{"line":38,"column":0},"end":{"line":38,"column":65}},"39":{"start":{"line":40,"column":0},"end":{"line":40,"column":9}},"40":{"start":{"line":41,"column":0},"end":{"line":41,"column":112}},"41":{"start":{"line":42,"column":0},"end":{"line":42,"column":27}},"42":{"start":{"line":43,"column":0},"end":{"line":43,"column":52}},"43":{"start":{"line":44,"column":0},"end":{"line":44,"column":9}},"45":{"start":{"line":46,"column":0},"end":{"line":46,"column":48}},"46":{"start":{"line":47,"column":0},"end":{"line":47,"column":55}},"47":{"start":{"line":48,"column":0},"end":{"line":48,"column":21}},"48":{"start":{"line":49,"column":0},"end":{"line":49,"column":54}},"49":{"start":{"line":50,"column":0},"end":{"line":50,"column":56}},"50":{"start":{"line":51,"column":0},"end":{"line":51,"column":5}},"51":{"start":{"line":52,"column":0},"end":{"line":52,"column":2}}},"s":{"0":1,"1":1,"2":1,"3":1,"4":1,"5":1,"6":1,"21":2,"22":2,"23":2,"24":2,"26":2,"27":2,"28":2,"29":2,"30":2,"31":2,"32":2,"34":2,"36":1,"37":0,"39":0,"40":0,"41":0,"42":0,"43":0,"45":0,"46":0,"47":0,"48":0,"49":0,"50":0,"51":0},"branchMap":{"0":{"type":"branch","line":22,"loc":{"start":{"line":22,"column":0},"end":{"line":35,"column":1}},"locations":[{"start":{"line":22,"column":0},"end":{"line":35,"column":1}}]},"1":{"type":"branch","line":32,"loc":{"start":{"line":32,"column":26},"end":{"line":32,"column":110}},"locations":[{"start":{"line":32,"column":26},"end":{"line":32,"column":110}}]}},"b":{"0":[2],"1":[0]},"fnMap":{"0":{"name":"Home","decl":{"start":{"line":22,"column":0},"end":{"line":35,"column":1}},"loc":{"start":{"line":22,"column":0},"end":{"line":35,"column":1}},"line":22},"1":{"name":"getServerSideProps","decl":{"start":{"line":37,"column":34},"end":{"line":52,"column":2}},"loc":{"start":{"line":37,"column":34},"end":{"line":52,"column":2}},"line":37}},"f":{"0":2,"1":0}}
}
