{"/Users/muradjabbarov/nextjs/app/entry.client.tsx": {"path":"/Users/muradjabbarov/nextjs/app/entry.client.tsx","all":false,"statementMap":{"0":{"start":{"line":1,"column":0},"end":{"line":1,"column":3}},"6":{"start":{"line":7,"column":0},"end":{"line":7,"column":48}},"7":{"start":{"line":8,"column":0},"end":{"line":8,"column":59}},"8":{"start":{"line":9,"column":0},"end":{"line":9,"column":47}},"10":{"start":{"line":11,"column":0},"end":{"line":11,"column":23}},"11":{"start":{"line":12,"column":0},"end":{"line":12,"column":16}},"12":{"start":{"line":13,"column":0},"end":{"line":13,"column":17}},"13":{"start":{"line":14,"column":0},"end":{"line":14,"column":20}},"14":{"start":{"line":15,"column":0},"end":{"line":15,"column":28}},"15":{"start":{"line":16,"column":0},"end":{"line":16,"column":21}},"16":{"start":{"line":17,"column":0},"end":{"line":17,"column":6}},"17":{"start":{"line":18,"column":0},"end":{"line":18,"column":3}}},"s":{"0":1,"6":1,"7":1,"8":1,"10":1,"11":1,"12":1,"13":1,"14":1,"15":1,"16":1,"17":1},"branchMap":{"0":{"type":"branch","line":11,"loc":{"start":{"line":11,"column":16},"end":{"line":18,"column":3}},"locations":[{"start":{"line":11,"column":16},"end":{"line":18,"column":3}}]}},"b":{"0":[1]},"fnMap":{},"f":{}}
,"/Users/muradjabbarov/nextjs/app/entry.server.tsx": {"path":"/Users/muradjabbarov/nextjs/app/entry.server.tsx","all":false,"statementMap":{"0":{"start":{"line":1,"column":0},"end":{"line":1,"column":3}},"6":{"start":{"line":7,"column":0},"end":{"line":7,"column":42}},"8":{"start":{"line":9,"column":0},"end":{"line":9,"column":67}},"9":{"start":{"line":10,"column":0},"end":{"line":10,"column":47}},"10":{"start":{"line":11,"column":0},"end":{"line":11,"column":30}},"11":{"start":{"line":12,"column":0},"end":{"line":12,"column":58}},"14":{"start":{"line":15,"column":0},"end":{"line":15,"column":26}},"16":{"start":{"line":17,"column":0},"end":{"line":17,"column":38}},"17":{"start":{"line":18,"column":0},"end":{"line":18,"column":21}},"18":{"start":{"line":19,"column":0},"end":{"line":19,"column":31}},"19":{"start":{"line":20,"column":0},"end":{"line":20,"column":29}},"20":{"start":{"line":21,"column":0},"end":{"line":21,"column":31}},"24":{"start":{"line":25,"column":0},"end":{"line":25,"column":31}},"25":{"start":{"line":26,"column":0},"end":{"line":26,"column":3}},"26":{"start":{"line":27,"column":0},"end":{"line":27,"column":57}},"27":{"start":{"line":28,"column":0},"end":{"line":28,"column":86}},"28":{"start":{"line":29,"column":0},"end":{"line":29,"column":91}},"29":{"start":{"line":30,"column":0},"end":{"line":30,"column":1}},"31":{"start":{"line":32,"column":0},"end":{"line":32,"column":127}},"32":{"start":{"line":33,"column":0},"end":{"line":33,"column":45}},"33":{"start":{"line":34,"column":0},"end":{"line":34,"column":34}},"34":{"start":{"line":35,"column":0},"end":{"line":35,"column":139}},"35":{"start":{"line":36,"column":0},"end":{"line":36,"column":26}},"36":{"start":{"line":37,"column":0},"end":{"line":37,"column":37}},"37":{"start":{"line":38,"column":0},"end":{"line":38,"column":47}},"38":{"start":{"line":39,"column":0},"end":{"line":39,"column":70}},"40":{"start":{"line":41,"column":0},"end":{"line":41,"column":65}},"42":{"start":{"line":43,"column":0},"end":{"line":43,"column":24}},"43":{"start":{"line":44,"column":0},"end":{"line":44,"column":42}},"44":{"start":{"line":45,"column":0},"end":{"line":45,"column":49}},"45":{"start":{"line":46,"column":0},"end":{"line":46,"column":51}},"46":{"start":{"line":47,"column":0},"end":{"line":47,"column":22}},"47":{"start":{"line":48,"column":0},"end":{"line":48,"column":18}},"49":{"start":{"line":50,"column":0},"end":{"line":50,"column":27}},"50":{"start":{"line":51,"column":0},"end":{"line":51,"column":14}},"51":{"start":{"line":52,"column":0},"end":{"line":52,"column":42}},"52":{"start":{"line":53,"column":0},"end":{"line":53,"column":30}},"53":{"start":{"line":54,"column":0},"end":{"line":54,"column":14}},"54":{"start":{"line":55,"column":0},"end":{"line":55,"column":37}},"55":{"start":{"line":56,"column":0},"end":{"line":56,"column":41}},"59":{"start":{"line":60,"column":0},"end":{"line":60,"column":36}},"60":{"start":{"line":61,"column":0},"end":{"line":61,"column":41}},"61":{"start":{"line":62,"column":0},"end":{"line":62,"column":17}},"62":{"start":{"line":63,"column":0},"end":{"line":63,"column":14}},"63":{"start":{"line":64,"column":0},"end":{"line":64,"column":11}},"65":{"start":{"line":66,"column":0},"end":{"line":66,"column":39}},"66":{"start":{"line":67,"column":0},"end":{"line":67,"column":7}},"67":{"start":{"line":68,"column":0},"end":{"line":68,"column":1}},"69":{"start":{"line":70,"column":0},"end":{"line":70,"column":131}},"70":{"start":{"line":71,"column":0},"end":{"line":71,"column":45}},"71":{"start":{"line":72,"column":0},"end":{"line":72,"column":34}},"72":{"start":{"line":73,"column":0},"end":{"line":73,"column":139}},"73":{"start":{"line":74,"column":0},"end":{"line":74,"column":28}},"74":{"start":{"line":75,"column":0},"end":{"line":75,"column":37}},"75":{"start":{"line":76,"column":0},"end":{"line":76,"column":47}},"76":{"start":{"line":77,"column":0},"end":{"line":77,"column":70}},"78":{"start":{"line":79,"column":0},"end":{"line":79,"column":65}},"80":{"start":{"line":81,"column":0},"end":{"line":81,"column":24}},"81":{"start":{"line":82,"column":0},"end":{"line":82,"column":42}},"82":{"start":{"line":83,"column":0},"end":{"line":83,"column":49}},"83":{"start":{"line":84,"column":0},"end":{"line":84,"column":51}},"84":{"start":{"line":85,"column":0},"end":{"line":85,"column":22}},"85":{"start":{"line":86,"column":0},"end":{"line":86,"column":18}},"87":{"start":{"line":88,"column":0},"end":{"line":88,"column":27}},"88":{"start":{"line":89,"column":0},"end":{"line":89,"column":14}},"89":{"start":{"line":90,"column":0},"end":{"line":90,"column":42}},"90":{"start":{"line":91,"column":0},"end":{"line":91,"column":30}},"91":{"start":{"line":92,"column":0},"end":{"line":92,"column":14}},"92":{"start":{"line":93,"column":0},"end":{"line":93,"column":37}},"93":{"start":{"line":94,"column":0},"end":{"line":94,"column":41}},"97":{"start":{"line":98,"column":0},"end":{"line":98,"column":36}},"98":{"start":{"line":99,"column":0},"end":{"line":99,"column":41}},"99":{"start":{"line":100,"column":0},"end":{"line":100,"column":17}},"100":{"start":{"line":101,"column":0},"end":{"line":101,"column":14}},"101":{"start":{"line":102,"column":0},"end":{"line":102,"column":11}},"103":{"start":{"line":104,"column":0},"end":{"line":104,"column":39}},"104":{"start":{"line":105,"column":0},"end":{"line":105,"column":7}},"105":{"start":{"line":106,"column":0},"end":{"line":106,"column":1}}},"s":{"0":1,"6":1,"8":1,"9":1,"10":1,"11":1,"14":1,"16":2,"17":2,"18":2,"19":2,"20":2,"24":2,"25":2,"26":2,"27":1,"28":1,"29":2,"31":1,"32":1,"33":1,"34":1,"35":1,"36":0,"37":0,"38":0,"40":0,"42":0,"43":0,"44":0,"45":0,"46":0,"47":0,"49":0,"50":0,"51":1,"52":0,"53":0,"54":1,"55":0,"59":0,"60":0,"61":0,"62":0,"63":1,"65":1,"66":1,"67":1,"69":1,"70":1,"71":1,"72":1,"73":1,"74":0,"75":0,"76":0,"78":0,"80":0,"81":0,"82":0,"83":0,"84":0,"85":0,"87":0,"88":0,"89":1,"90":0,"91":0,"92":1,"93":0,"97":0,"98":0,"99":0,"100":0,"101":1,"103":1,"104":1,"105":1},"branchMap":{"0":{"type":"branch","line":17,"loc":{"start":{"line":17,"column":0},"end":{"line":30,"column":1}},"locations":[{"start":{"line":17,"column":0},"end":{"line":30,"column":1}}]},"1":{"type":"branch","line":27,"loc":{"start":{"line":27,"column":56},"end":{"line":28,"column":86}},"locations":[{"start":{"line":27,"column":56},"end":{"line":28,"column":86}}]},"2":{"type":"branch","line":28,"loc":{"start":{"line":28,"column":85},"end":{"line":29,"column":91}},"locations":[{"start":{"line":28,"column":85},"end":{"line":29,"column":91}}]},"3":{"type":"branch","line":32,"loc":{"start":{"line":32,"column":0},"end":{"line":68,"column":1}},"locations":[{"start":{"line":32,"column":0},"end":{"line":68,"column":1}}]},"4":{"type":"branch","line":33,"loc":{"start":{"line":33,"column":23},"end":{"line":67,"column":5}},"locations":[{"start":{"line":33,"column":23},"end":{"line":67,"column":5}}]},"5":{"type":"branch","line":70,"loc":{"start":{"line":70,"column":0},"end":{"line":106,"column":1}},"locations":[{"start":{"line":70,"column":0},"end":{"line":106,"column":1}}]},"6":{"type":"branch","line":71,"loc":{"start":{"line":71,"column":23},"end":{"line":105,"column":5}},"locations":[{"start":{"line":71,"column":23},"end":{"line":105,"column":5}}]}},"b":{"0":[2],"1":[1],"2":[1],"3":[1],"4":[1],"5":[1],"6":[1]},"fnMap":{"0":{"name":"handleRequest","decl":{"start":{"line":17,"column":0},"end":{"line":30,"column":1}},"loc":{"start":{"line":17,"column":0},"end":{"line":30,"column":1}},"line":17},"1":{"name":"handleBotRequest","decl":{"start":{"line":32,"column":0},"end":{"line":68,"column":1}},"loc":{"start":{"line":32,"column":0},"end":{"line":68,"column":1}},"line":32},"2":{"name":"onAllReady","decl":{"start":{"line":36,"column":12},"end":{"line":51,"column":14}},"loc":{"start":{"line":36,"column":12},"end":{"line":51,"column":14}},"line":36},"3":{"name":"onShellError","decl":{"start":{"line":52,"column":12},"end":{"line":54,"column":14}},"loc":{"start":{"line":52,"column":12},"end":{"line":54,"column":14}},"line":52},"4":{"name":"onError","decl":{"start":{"line":55,"column":12},"end":{"line":63,"column":14}},"loc":{"start":{"line":55,"column":12},"end":{"line":63,"column":14}},"line":55},"5":{"name":"handleBrowserRequest","decl":{"start":{"line":70,"column":0},"end":{"line":106,"column":1}},"loc":{"start":{"line":70,"column":0},"end":{"line":106,"column":1}},"line":70},"6":{"name":"onShellReady","decl":{"start":{"line":74,"column":12},"end":{"line":89,"column":14}},"loc":{"start":{"line":74,"column":12},"end":{"line":89,"column":14}},"line":74},"7":{"name":"onShellError","decl":{"start":{"line":90,"column":12},"end":{"line":92,"column":14}},"loc":{"start":{"line":90,"column":12},"end":{"line":92,"column":14}},"line":90},"8":{"name":"onError","decl":{"start":{"line":93,"column":12},"end":{"line":101,"column":14}},"loc":{"start":{"line":93,"column":12},"end":{"line":101,"column":14}},"line":93}},"f":{"0":2,"1":1,"2":0,"3":0,"4":0,"5":1,"6":0,"7":0,"8":0}}
,"/Users/muradjabbarov/nextjs/app/root.tsx": {"path":"/Users/muradjabbarov/nextjs/app/root.tsx","all":false,"statementMap":{"0":{"start":{"line":1,"column":0},"end":{"line":1,"column":83}},"2":{"start":{"line":3,"column":0},"end":{"line":3,"column":56}},"4":{"start":{"line":5,"column":0},"end":{"line":5,"column":69}},"5":{"start":{"line":6,"column":0},"end":{"line":6,"column":12}},"6":{"start":{"line":7,"column":0},"end":{"line":7,"column":24}},"7":{"start":{"line":8,"column":0},"end":{"line":8,"column":18}},"8":{"start":{"line":9,"column":0},"end":{"line":9,"column":40}},"9":{"start":{"line":10,"column":0},"end":{"line":10,"column":86}},"10":{"start":{"line":11,"column":0},"end":{"line":11,"column":24}},"11":{"start":{"line":12,"column":0},"end":{"line":12,"column":25}},"12":{"start":{"line":13,"column":0},"end":{"line":13,"column":19}},"13":{"start":{"line":14,"column":0},"end":{"line":14,"column":18}},"14":{"start":{"line":15,"column":0},"end":{"line":15,"column":26}},"15":{"start":{"line":16,"column":0},"end":{"line":16,"column":37}},"16":{"start":{"line":17,"column":0},"end":{"line":17,"column":27}},"17":{"start":{"line":18,"column":0},"end":{"line":18,"column":19}},"18":{"start":{"line":19,"column":0},"end":{"line":19,"column":15}},"20":{"start":{"line":21,"column":0},"end":{"line":21,"column":1}},"22":{"start":{"line":23,"column":0},"end":{"line":23,"column":31}},"23":{"start":{"line":24,"column":0},"end":{"line":24,"column":12}},"24":{"start":{"line":25,"column":0},"end":{"line":25,"column":23}},"25":{"start":{"line":26,"column":0},"end":{"line":26,"column":22}},"26":{"start":{"line":27,"column":0},"end":{"line":27,"column":24}},"28":{"start":{"line":29,"column":0},"end":{"line":29,"column":1}}},"s":{"0":1,"2":1,"4":1,"5":2,"6":2,"7":2,"8":2,"9":2,"10":2,"11":2,"12":2,"13":2,"14":2,"15":2,"16":2,"17":2,"18":2,"20":2,"22":1,"23":1,"24":1,"25":1,"26":1,"28":1},"branchMap":{"0":{"type":"branch","line":5,"loc":{"start":{"line":5,"column":7},"end":{"line":21,"column":1}},"locations":[{"start":{"line":5,"column":7},"end":{"line":21,"column":1}}]},"1":{"type":"branch","line":23,"loc":{"start":{"line":23,"column":0},"end":{"line":29,"column":1}},"locations":[{"start":{"line":23,"column":0},"end":{"line":29,"column":1}}]}},"b":{"0":[2],"1":[1]},"fnMap":{"0":{"name":"Layout","decl":{"start":{"line":5,"column":7},"end":{"line":21,"column":1}},"loc":{"start":{"line":5,"column":7},"end":{"line":21,"column":1}},"line":5},"1":{"name":"App","decl":{"start":{"line":23,"column":0},"end":{"line":29,"column":1}},"loc":{"start":{"line":23,"column":0},"end":{"line":29,"column":1}},"line":23}},"f":{"0":2,"1":1}}
,"/Users/muradjabbarov/nextjs/app/components/BookList/index.tsx": {"path":"/Users/muradjabbarov/nextjs/app/components/BookList/index.tsx","all":false,"statementMap":{"0":{"start":{"line":1,"column":0},"end":{"line":1,"column":26}},"2":{"start":{"line":3,"column":0},"end":{"line":3,"column":62}},"3":{"start":{"line":4,"column":0},"end":{"line":4,"column":41}},"5":{"start":{"line":6,"column":0},"end":{"line":6,"column":88}},"6":{"start":{"line":7,"column":0},"end":{"line":7,"column":40}},"8":{"start":{"line":9,"column":0},"end":{"line":9,"column":45}},"9":{"start":{"line":10,"column":0},"end":{"line":10,"column":42}},"10":{"start":{"line":11,"column":0},"end":{"line":11,"column":66}},"11":{"start":{"line":12,"column":0},"end":{"line":12,"column":36}},"12":{"start":{"line":13,"column":0},"end":{"line":13,"column":16}},"13":{"start":{"line":14,"column":0},"end":{"line":14,"column":53}},"14":{"start":{"line":15,"column":0},"end":{"line":15,"column":9}},"15":{"start":{"line":16,"column":0},"end":{"line":16,"column":6}},"17":{"start":{"line":18,"column":0},"end":{"line":18,"column":75}},"19":{"start":{"line":20,"column":0},"end":{"line":20,"column":12}},"20":{"start":{"line":21,"column":0},"end":{"line":21,"column":82}},"21":{"start":{"line":22,"column":0},"end":{"line":22,"column":20}},"22":{"start":{"line":23,"column":0},"end":{"line":23,"column":48}},"23":{"start":{"line":24,"column":0},"end":{"line":24,"column":157}},"24":{"start":{"line":25,"column":0},"end":{"line":25,"column":96}},"25":{"start":{"line":26,"column":0},"end":{"line":26,"column":77}},"26":{"start":{"line":27,"column":0},"end":{"line":27,"column":59}},"28":{"start":{"line":29,"column":0},"end":{"line":29,"column":151}},"29":{"start":{"line":30,"column":0},"end":{"line":30,"column":30}},"30":{"start":{"line":31,"column":0},"end":{"line":31,"column":103}},"31":{"start":{"line":32,"column":0},"end":{"line":32,"column":26}},"32":{"start":{"line":33,"column":0},"end":{"line":33,"column":19}},"33":{"start":{"line":34,"column":0},"end":{"line":34,"column":14}},"35":{"start":{"line":36,"column":0},"end":{"line":36,"column":2}}},"s":{"0":1,"2":1,"3":1,"5":1,"6":14,"8":14,"9":3,"10":1,"11":1,"12":2,"13":2,"14":2,"15":3,"17":14,"19":10,"20":10,"21":10,"22":10,"23":20,"24":20,"25":20,"26":20,"28":20,"29":20,"30":20,"31":20,"32":10,"33":14,"35":14},"branchMap":{"0":{"type":"branch","line":6,"loc":{"start":{"line":6,"column":41},"end":{"line":36,"column":2}},"locations":[{"start":{"line":6,"column":41},"end":{"line":36,"column":2}}]},"1":{"type":"branch","line":18,"loc":{"start":{"line":18,"column":22},"end":{"line":18,"column":75}},"locations":[{"start":{"line":18,"column":22},"end":{"line":18,"column":75}}]},"2":{"type":"branch","line":18,"loc":{"start":{"line":18,"column":69},"end":{"line":33,"column":19}},"locations":[{"start":{"line":18,"column":69},"end":{"line":33,"column":19}}]},"3":{"type":"branch","line":9,"loc":{"start":{"line":9,"column":28},"end":{"line":16,"column":6}},"locations":[{"start":{"line":9,"column":28},"end":{"line":16,"column":6}}]},"4":{"type":"branch","line":10,"loc":{"start":{"line":10,"column":41},"end":{"line":15,"column":9}},"locations":[{"start":{"line":10,"column":41},"end":{"line":15,"column":9}}]},"5":{"type":"branch","line":10,"loc":{"start":{"line":10,"column":41},"end":{"line":13,"column":15}},"locations":[{"start":{"line":10,"column":41},"end":{"line":13,"column":15}}]},"6":{"type":"branch","line":11,"loc":{"start":{"line":11,"column":45},"end":{"line":11,"column":64}},"locations":[{"start":{"line":11,"column":45},"end":{"line":11,"column":64}}]},"7":{"type":"branch","line":23,"loc":{"start":{"line":23,"column":37},"end":{"line":32,"column":26}},"locations":[{"start":{"line":23,"column":37},"end":{"line":32,"column":26}}]},"8":{"type":"branch","line":29,"loc":{"start":{"line":29,"column":85},"end":{"line":29,"column":110}},"locations":[{"start":{"line":29,"column":85},"end":{"line":29,"column":110}}]},"9":{"type":"branch","line":24,"loc":{"start":{"line":24,"column":128},"end":{"line":24,"column":157}},"locations":[{"start":{"line":24,"column":128},"end":{"line":24,"column":157}}]}},"b":{"0":[14],"1":[4],"2":[10],"3":[3],"4":[2],"5":[1],"6":[1],"7":[20],"8":[0],"9":[3]},"fnMap":{"0":{"name":"BookList","decl":{"start":{"line":6,"column":41},"end":{"line":36,"column":2}},"loc":{"start":{"line":6,"column":41},"end":{"line":36,"column":2}},"line":6},"1":{"name":"handleClickItem","decl":{"start":{"line":9,"column":28},"end":{"line":16,"column":6}},"loc":{"start":{"line":9,"column":28},"end":{"line":16,"column":6}},"line":9},"2":{"name":"onClick","decl":{"start":{"line":24,"column":128},"end":{"line":24,"column":157}},"loc":{"start":{"line":24,"column":128},"end":{"line":24,"column":157}},"line":24}},"f":{"0":14,"1":3,"2":3}}
,"/Users/muradjabbarov/nextjs/app/components/Flyout/index.tsx": {"path":"/Users/muradjabbarov/nextjs/app/components/Flyout/index.tsx","all":false,"statementMap":{"0":{"start":{"line":1,"column":0},"end":{"line":1,"column":51}},"1":{"start":{"line":2,"column":0},"end":{"line":2,"column":62}},"3":{"start":{"line":4,"column":0},"end":{"line":4,"column":41}},"5":{"start":{"line":6,"column":0},"end":{"line":6,"column":62}},"6":{"start":{"line":7,"column":0},"end":{"line":7,"column":40}},"7":{"start":{"line":8,"column":0},"end":{"line":8,"column":66}},"9":{"start":{"line":10,"column":0},"end":{"line":10,"column":36}},"10":{"start":{"line":11,"column":0},"end":{"line":11,"column":28}},"11":{"start":{"line":12,"column":0},"end":{"line":12,"column":6}},"13":{"start":{"line":14,"column":0},"end":{"line":14,"column":34}},"14":{"start":{"line":15,"column":0},"end":{"line":15,"column":46}},"16":{"start":{"line":17,"column":0},"end":{"line":17,"column":55}},"17":{"start":{"line":18,"column":0},"end":{"line":18,"column":40}},"18":{"start":{"line":19,"column":0},"end":{"line":19,"column":40}},"19":{"start":{"line":20,"column":0},"end":{"line":20,"column":80}},"20":{"start":{"line":21,"column":0},"end":{"line":21,"column":11}},"22":{"start":{"line":23,"column":0},"end":{"line":23,"column":28}},"23":{"start":{"line":24,"column":0},"end":{"line":24,"column":38}},"24":{"start":{"line":25,"column":0},"end":{"line":25,"column":47}},"25":{"start":{"line":26,"column":0},"end":{"line":26,"column":11}},"27":{"start":{"line":28,"column":0},"end":{"line":28,"column":80}},"28":{"start":{"line":29,"column":0},"end":{"line":29,"column":49}},"29":{"start":{"line":30,"column":0},"end":{"line":30,"column":23}},"30":{"start":{"line":31,"column":0},"end":{"line":31,"column":6}},"32":{"start":{"line":33,"column":0},"end":{"line":33,"column":21}},"33":{"start":{"line":34,"column":0},"end":{"line":34,"column":22}},"34":{"start":{"line":35,"column":0},"end":{"line":35,"column":22}},"35":{"start":{"line":36,"column":0},"end":{"line":36,"column":41}},"36":{"start":{"line":37,"column":0},"end":{"line":37,"column":13}},"37":{"start":{"line":38,"column":0},"end":{"line":38,"column":10}},"38":{"start":{"line":39,"column":0},"end":{"line":39,"column":14}},"40":{"start":{"line":41,"column":0},"end":{"line":41,"column":21}},"41":{"start":{"line":42,"column":0},"end":{"line":42,"column":38}},"42":{"start":{"line":43,"column":0},"end":{"line":43,"column":29}},"43":{"start":{"line":44,"column":0},"end":{"line":44,"column":9}},"44":{"start":{"line":45,"column":0},"end":{"line":45,"column":23}},"46":{"start":{"line":47,"column":0},"end":{"line":47,"column":12}},"47":{"start":{"line":48,"column":0},"end":{"line":48,"column":92}},"48":{"start":{"line":49,"column":0},"end":{"line":49,"column":136}},"49":{"start":{"line":50,"column":0},"end":{"line":50,"column":51}},"50":{"start":{"line":51,"column":0},"end":{"line":51,"column":99}},"52":{"start":{"line":53,"column":0},"end":{"line":53,"column":25}},"53":{"start":{"line":54,"column":0},"end":{"line":54,"column":164}},"55":{"start":{"line":56,"column":0},"end":{"line":56,"column":20}},"56":{"start":{"line":57,"column":0},"end":{"line":57,"column":18}},"57":{"start":{"line":58,"column":0},"end":{"line":58,"column":14}},"59":{"start":{"line":60,"column":0},"end":{"line":60,"column":2}},"61":{"start":{"line":62,"column":0},"end":{"line":62,"column":22}}},"s":{"0":1,"1":1,"3":1,"5":1,"6":7,"7":7,"9":7,"10":2,"11":2,"13":7,"14":4,"16":4,"17":4,"18":4,"19":5,"20":4,"22":4,"23":4,"24":9,"25":4,"27":4,"28":4,"29":4,"30":4,"32":7,"33":7,"34":7,"35":3,"36":3,"37":7,"38":7,"40":7,"41":4,"42":4,"43":4,"44":7,"46":7,"47":7,"48":7,"49":7,"50":7,"52":7,"53":7,"55":7,"56":7,"57":7,"59":7,"61":1},"branchMap":{"0":{"type":"branch","line":6,"loc":{"start":{"line":6,"column":15},"end":{"line":60,"column":2}},"locations":[{"start":{"line":6,"column":15},"end":{"line":60,"column":2}}]},"1":{"type":"branch","line":49,"loc":{"start":{"line":49,"column":107},"end":{"line":49,"column":121}},"locations":[{"start":{"line":49,"column":107},"end":{"line":49,"column":121}}]},"2":{"type":"branch","line":49,"loc":{"start":{"line":49,"column":111},"end":{"line":49,"column":127}},"locations":[{"start":{"line":49,"column":111},"end":{"line":49,"column":127}}]},"3":{"type":"branch","line":10,"loc":{"start":{"line":10,"column":29},"end":{"line":12,"column":6}},"locations":[{"start":{"line":10,"column":29},"end":{"line":12,"column":6}}]},"4":{"type":"branch","line":14,"loc":{"start":{"line":14,"column":27},"end":{"line":31,"column":6}},"locations":[{"start":{"line":14,"column":27},"end":{"line":31,"column":6}}]},"5":{"type":"branch","line":15,"loc":{"start":{"line":15,"column":39},"end":{"line":15,"column":46}},"locations":[{"start":{"line":15,"column":39},"end":{"line":15,"column":46}}]},"6":{"type":"branch","line":19,"loc":{"start":{"line":19,"column":29},"end":{"line":21,"column":9}},"locations":[{"start":{"line":19,"column":29},"end":{"line":21,"column":9}}]},"7":{"type":"branch","line":20,"loc":{"start":{"line":20,"column":53},"end":{"line":20,"column":77}},"locations":[{"start":{"line":20,"column":53},"end":{"line":20,"column":77}}]},"8":{"type":"branch","line":24,"loc":{"start":{"line":24,"column":28},"end":{"line":26,"column":9}},"locations":[{"start":{"line":24,"column":28},"end":{"line":26,"column":9}}]},"9":{"type":"branch","line":33,"loc":{"start":{"line":33,"column":14},"end":{"line":39,"column":7}},"locations":[{"start":{"line":33,"column":14},"end":{"line":39,"column":7}}]},"10":{"type":"branch","line":34,"loc":{"start":{"line":34,"column":15},"end":{"line":38,"column":10}},"locations":[{"start":{"line":34,"column":15},"end":{"line":38,"column":10}}]},"11":{"type":"branch","line":35,"loc":{"start":{"line":35,"column":21},"end":{"line":37,"column":13}},"locations":[{"start":{"line":35,"column":21},"end":{"line":37,"column":13}}]},"12":{"type":"branch","line":41,"loc":{"start":{"line":41,"column":14},"end":{"line":45,"column":7}},"locations":[{"start":{"line":41,"column":14},"end":{"line":45,"column":7}}]}},"b":{"0":[7],"1":[2],"2":[5],"3":[2],"4":[4],"5":[0],"6":[5],"7":[25],"8":[9],"9":[7],"10":[7],"11":[3],"12":[4]},"fnMap":{"0":{"name":"Flyout","decl":{"start":{"line":6,"column":15},"end":{"line":60,"column":2}},"loc":{"start":{"line":6,"column":15},"end":{"line":60,"column":2}},"line":6},"1":{"name":"handleRemoveItem","decl":{"start":{"line":10,"column":29},"end":{"line":12,"column":6}},"loc":{"start":{"line":10,"column":29},"end":{"line":12,"column":6}},"line":10},"2":{"name":"handleDownload","decl":{"start":{"line":14,"column":27},"end":{"line":31,"column":6}},"loc":{"start":{"line":14,"column":27},"end":{"line":31,"column":6}},"line":14}},"f":{"0":7,"1":2,"2":4}}
,"/Users/muradjabbarov/nextjs/app/components/Header/index.tsx": {"path":"/Users/muradjabbarov/nextjs/app/components/Header/index.tsx","all":false,"statementMap":{"0":{"start":{"line":1,"column":0},"end":{"line":1,"column":41}},"1":{"start":{"line":2,"column":0},"end":{"line":2,"column":62}},"4":{"start":{"line":5,"column":0},"end":{"line":5,"column":29}},"5":{"start":{"line":6,"column":0},"end":{"line":6,"column":53}},"7":{"start":{"line":8,"column":0},"end":{"line":8,"column":12}},"8":{"start":{"line":9,"column":0},"end":{"line":9,"column":63}},"9":{"start":{"line":10,"column":0},"end":{"line":10,"column":85}},"10":{"start":{"line":11,"column":0},"end":{"line":11,"column":17}},"11":{"start":{"line":12,"column":0},"end":{"line":12,"column":62}},"12":{"start":{"line":13,"column":0},"end":{"line":13,"column":138}},"13":{"start":{"line":14,"column":0},"end":{"line":14,"column":59}},"14":{"start":{"line":15,"column":0},"end":{"line":15,"column":24}},"15":{"start":{"line":16,"column":0},"end":{"line":16,"column":18}},"16":{"start":{"line":17,"column":0},"end":{"line":17,"column":17}},"18":{"start":{"line":19,"column":0},"end":{"line":19,"column":2}}},"s":{"0":1,"1":1,"4":1,"5":15,"7":15,"8":15,"9":15,"10":15,"11":15,"12":15,"13":15,"14":15,"15":15,"16":15,"18":15},"branchMap":{"0":{"type":"branch","line":5,"loc":{"start":{"line":5,"column":22},"end":{"line":19,"column":2}},"locations":[{"start":{"line":5,"column":22},"end":{"line":19,"column":2}}]}},"b":{"0":[15]},"fnMap":{"0":{"name":"Header","decl":{"start":{"line":5,"column":22},"end":{"line":19,"column":2}},"loc":{"start":{"line":5,"column":22},"end":{"line":19,"column":2}},"line":5}},"f":{"0":15}}
,"/Users/muradjabbarov/nextjs/app/components/Pagination/index.tsx": {"path":"/Users/muradjabbarov/nextjs/app/components/Pagination/index.tsx","all":false,"statementMap":{"0":{"start":{"line":1,"column":0},"end":{"line":1,"column":47}},"2":{"start":{"line":3,"column":0},"end":{"line":3,"column":62}},"3":{"start":{"line":4,"column":0},"end":{"line":4,"column":41}},"6":{"start":{"line":7,"column":0},"end":{"line":7,"column":75}},"7":{"start":{"line":8,"column":0},"end":{"line":8,"column":40}},"8":{"start":{"line":9,"column":0},"end":{"line":9,"column":35}},"10":{"start":{"line":11,"column":0},"end":{"line":11,"column":30}},"11":{"start":{"line":12,"column":0},"end":{"line":12,"column":30}},"12":{"start":{"line":13,"column":0},"end":{"line":13,"column":44}},"13":{"start":{"line":14,"column":0},"end":{"line":14,"column":36}},"14":{"start":{"line":15,"column":0},"end":{"line":15,"column":42}},"15":{"start":{"line":16,"column":0},"end":{"line":16,"column":9}},"16":{"start":{"line":17,"column":0},"end":{"line":17,"column":6}},"18":{"start":{"line":19,"column":0},"end":{"line":19,"column":30}},"19":{"start":{"line":20,"column":0},"end":{"line":20,"column":31}},"20":{"start":{"line":21,"column":0},"end":{"line":21,"column":44}},"21":{"start":{"line":22,"column":0},"end":{"line":22,"column":36}},"22":{"start":{"line":23,"column":0},"end":{"line":23,"column":42}},"23":{"start":{"line":24,"column":0},"end":{"line":24,"column":9}},"24":{"start":{"line":25,"column":0},"end":{"line":25,"column":6}},"26":{"start":{"line":27,"column":0},"end":{"line":27,"column":12}},"27":{"start":{"line":28,"column":0},"end":{"line":28,"column":94}},"28":{"start":{"line":29,"column":0},"end":{"line":29,"column":166}},"30":{"start":{"line":31,"column":0},"end":{"line":31,"column":21}},"31":{"start":{"line":32,"column":0},"end":{"line":32,"column":91}},"32":{"start":{"line":33,"column":0},"end":{"line":33,"column":168}},"34":{"start":{"line":35,"column":0},"end":{"line":35,"column":21}},"35":{"start":{"line":36,"column":0},"end":{"line":36,"column":14}},"37":{"start":{"line":38,"column":0},"end":{"line":38,"column":2}}},"s":{"0":1,"2":1,"3":1,"6":1,"7":16,"8":16,"10":16,"11":2,"12":2,"13":2,"14":2,"15":2,"16":2,"18":16,"19":2,"20":2,"21":2,"22":2,"23":2,"24":2,"26":16,"27":16,"28":16,"30":16,"31":16,"32":16,"34":16,"35":16,"37":16},"branchMap":{"0":{"type":"branch","line":7,"loc":{"start":{"line":7,"column":26},"end":{"line":38,"column":2}},"locations":[{"start":{"line":7,"column":26},"end":{"line":38,"column":2}}]},"1":{"type":"branch","line":11,"loc":{"start":{"line":11,"column":23},"end":{"line":17,"column":6}},"locations":[{"start":{"line":11,"column":23},"end":{"line":17,"column":6}}]},"2":{"type":"branch","line":19,"loc":{"start":{"line":19,"column":23},"end":{"line":25,"column":6}},"locations":[{"start":{"line":19,"column":23},"end":{"line":25,"column":6}}]}},"b":{"0":[16],"1":[2],"2":[2]},"fnMap":{"0":{"name":"Pagination","decl":{"start":{"line":7,"column":26},"end":{"line":38,"column":2}},"loc":{"start":{"line":7,"column":26},"end":{"line":38,"column":2}},"line":7},"1":{"name":"handlePrev","decl":{"start":{"line":11,"column":23},"end":{"line":17,"column":6}},"loc":{"start":{"line":11,"column":23},"end":{"line":17,"column":6}},"line":11},"2":{"name":"handleNext","decl":{"start":{"line":19,"column":23},"end":{"line":25,"column":6}},"loc":{"start":{"line":19,"column":23},"end":{"line":25,"column":6}},"line":19}},"f":{"0":16,"1":2,"2":2}}
,"/Users/muradjabbarov/nextjs/app/contexts/ThemeContext.tsx": {"path":"/Users/muradjabbarov/nextjs/app/contexts/ThemeContext.tsx","all":false,"statementMap":{"0":{"start":{"line":1,"column":0},"end":{"line":1,"column":78}},"9":{"start":{"line":10,"column":0},"end":{"line":10,"column":83}},"15":{"start":{"line":16,"column":0},"end":{"line":16,"column":78}},"16":{"start":{"line":17,"column":0},"end":{"line":17,"column":55}},"18":{"start":{"line":19,"column":0},"end":{"line":19,"column":31}},"19":{"start":{"line":20,"column":0},"end":{"line":20,"column":76}},"20":{"start":{"line":21,"column":0},"end":{"line":21,"column":6}},"22":{"start":{"line":23,"column":0},"end":{"line":23,"column":100}},"23":{"start":{"line":24,"column":0},"end":{"line":24,"column":2}},"25":{"start":{"line":26,"column":0},"end":{"line":26,"column":38}},"26":{"start":{"line":27,"column":0},"end":{"line":27,"column":45}},"27":{"start":{"line":28,"column":0},"end":{"line":28,"column":19}},"28":{"start":{"line":29,"column":0},"end":{"line":29,"column":74}},"29":{"start":{"line":30,"column":0},"end":{"line":30,"column":5}},"30":{"start":{"line":31,"column":0},"end":{"line":31,"column":19}},"31":{"start":{"line":32,"column":0},"end":{"line":32,"column":2}}},"s":{"0":1,"9":1,"15":1,"16":17,"18":17,"19":2,"20":2,"22":17,"23":17,"25":1,"26":67,"27":67,"28":1,"29":1,"30":66,"31":66},"branchMap":{"0":{"type":"branch","line":16,"loc":{"start":{"line":16,"column":59},"end":{"line":24,"column":2}},"locations":[{"start":{"line":16,"column":59},"end":{"line":24,"column":2}}]},"1":{"type":"branch","line":19,"loc":{"start":{"line":19,"column":24},"end":{"line":21,"column":6}},"locations":[{"start":{"line":19,"column":24},"end":{"line":21,"column":6}}]},"2":{"type":"branch","line":20,"loc":{"start":{"line":20,"column":17},"end":{"line":20,"column":74}},"locations":[{"start":{"line":20,"column":17},"end":{"line":20,"column":74}}]},"3":{"type":"branch","line":20,"loc":{"start":{"line":20,"column":47},"end":{"line":20,"column":66}},"locations":[{"start":{"line":20,"column":47},"end":{"line":20,"column":66}}]},"4":{"type":"branch","line":20,"loc":{"start":{"line":20,"column":57},"end":{"line":20,"column":74}},"locations":[{"start":{"line":20,"column":57},"end":{"line":20,"column":74}}]},"5":{"type":"branch","line":26,"loc":{"start":{"line":26,"column":31},"end":{"line":32,"column":2}},"locations":[{"start":{"line":26,"column":31},"end":{"line":32,"column":2}}]},"6":{"type":"branch","line":28,"loc":{"start":{"line":28,"column":18},"end":{"line":30,"column":5}},"locations":[{"start":{"line":28,"column":18},"end":{"line":30,"column":5}}]},"7":{"type":"branch","line":30,"loc":{"start":{"line":30,"column":4},"end":{"line":32,"column":2}},"locations":[{"start":{"line":30,"column":4},"end":{"line":32,"column":2}}]}},"b":{"0":[17],"1":[2],"2":[2],"3":[1],"4":[1],"5":[67],"6":[1],"7":[66]},"fnMap":{"0":{"name":"ThemeProvider","decl":{"start":{"line":16,"column":59},"end":{"line":24,"column":2}},"loc":{"start":{"line":16,"column":59},"end":{"line":24,"column":2}},"line":16},"1":{"name":"toggleTheme","decl":{"start":{"line":19,"column":24},"end":{"line":21,"column":6}},"loc":{"start":{"line":19,"column":24},"end":{"line":21,"column":6}},"line":19},"2":{"name":"useThemeContext","decl":{"start":{"line":26,"column":31},"end":{"line":32,"column":2}},"loc":{"start":{"line":26,"column":31},"end":{"line":32,"column":2}},"line":26}},"f":{"0":17,"1":2,"2":67}}
,"/Users/muradjabbarov/nextjs/app/routes/_index.tsx": {"path":"/Users/muradjabbarov/nextjs/app/routes/_index.tsx","all":false,"statementMap":{"0":{"start":{"line":1,"column":0},"end":{"line":1,"column":52}},"1":{"start":{"line":2,"column":0},"end":{"line":2,"column":51}},"2":{"start":{"line":3,"column":0},"end":{"line":3,"column":55}},"3":{"start":{"line":4,"column":0},"end":{"line":4,"column":49}},"4":{"start":{"line":5,"column":0},"end":{"line":5,"column":50}},"5":{"start":{"line":6,"column":0},"end":{"line":6,"column":46}},"6":{"start":{"line":7,"column":0},"end":{"line":7,"column":54}},"7":{"start":{"line":8,"column":0},"end":{"line":8,"column":42}},"8":{"start":{"line":9,"column":0},"end":{"line":9,"column":40}},"10":{"start":{"line":11,"column":0},"end":{"line":11,"column":30}},"11":{"start":{"line":12,"column":0},"end":{"line":12,"column":59}},"13":{"start":{"line":14,"column":0},"end":{"line":14,"column":41}},"14":{"start":{"line":15,"column":0},"end":{"line":15,"column":92}},"15":{"start":{"line":16,"column":0},"end":{"line":16,"column":2}},"17":{"start":{"line":18,"column":0},"end":{"line":18,"column":62}},"18":{"start":{"line":19,"column":0},"end":{"line":19,"column":37}},"19":{"start":{"line":20,"column":0},"end":{"line":20,"column":53}},"20":{"start":{"line":21,"column":0},"end":{"line":21,"column":47}},"21":{"start":{"line":22,"column":0},"end":{"line":22,"column":27}},"22":{"start":{"line":23,"column":0},"end":{"line":23,"column":2}},"24":{"start":{"line":25,"column":0},"end":{"line":25,"column":33}},"25":{"start":{"line":26,"column":0},"end":{"line":26,"column":77}},"26":{"start":{"line":27,"column":0},"end":{"line":27,"column":49}},"27":{"start":{"line":28,"column":0},"end":{"line":28,"column":65}},"28":{"start":{"line":29,"column":0},"end":{"line":29,"column":62}},"29":{"start":{"line":30,"column":0},"end":{"line":30,"column":40}},"31":{"start":{"line":32,"column":0},"end":{"line":32,"column":21}},"32":{"start":{"line":33,"column":0},"end":{"line":33,"column":23}},"33":{"start":{"line":34,"column":0},"end":{"line":34,"column":16}},"35":{"start":{"line":36,"column":0},"end":{"line":36,"column":12}},"36":{"start":{"line":37,"column":0},"end":{"line":37,"column":49}},"37":{"start":{"line":38,"column":0},"end":{"line":38,"column":22}},"38":{"start":{"line":39,"column":0},"end":{"line":39,"column":99}},"39":{"start":{"line":40,"column":0},"end":{"line":40,"column":84}},"40":{"start":{"line":41,"column":0},"end":{"line":41,"column":115}},"41":{"start":{"line":42,"column":0},"end":{"line":42,"column":14}},"43":{"start":{"line":44,"column":0},"end":{"line":44,"column":1}}},"s":{"0":1,"1":1,"2":1,"3":1,"4":1,"5":1,"6":1,"7":1,"8":1,"10":1,"11":1,"13":1,"14":0,"15":0,"17":1,"18":0,"19":0,"20":0,"21":0,"22":0,"24":10,"25":10,"26":10,"27":10,"28":10,"29":10,"31":10,"32":3,"33":10,"35":10,"36":10,"37":10,"38":10,"39":10,"40":10,"41":10,"43":10},"branchMap":{"0":{"type":"branch","line":25,"loc":{"start":{"line":25,"column":0},"end":{"line":44,"column":1}},"locations":[{"start":{"line":25,"column":0},"end":{"line":44,"column":1}}]},"1":{"type":"branch","line":41,"loc":{"start":{"line":41,"column":26},"end":{"line":41,"column":110}},"locations":[{"start":{"line":41,"column":26},"end":{"line":41,"column":110}}]},"2":{"type":"branch","line":41,"loc":{"start":{"line":41,"column":105},"end":{"line":41,"column":115}},"locations":[{"start":{"line":41,"column":105},"end":{"line":41,"column":115}}]},"3":{"type":"branch","line":32,"loc":{"start":{"line":32,"column":14},"end":{"line":34,"column":7}},"locations":[{"start":{"line":32,"column":14},"end":{"line":34,"column":7}}]}},"b":{"0":[10],"1":[1],"2":[9],"3":[3]},"fnMap":{"0":{"name":"meta","decl":{"start":{"line":14,"column":34},"end":{"line":16,"column":2}},"loc":{"start":{"line":14,"column":34},"end":{"line":16,"column":2}},"line":14},"1":{"name":"loader","decl":{"start":{"line":18,"column":38},"end":{"line":23,"column":2}},"loc":{"start":{"line":18,"column":38},"end":{"line":23,"column":2}},"line":18},"2":{"name":"Index","decl":{"start":{"line":25,"column":0},"end":{"line":44,"column":1}},"loc":{"start":{"line":25,"column":0},"end":{"line":44,"column":1}},"line":25}},"f":{"0":0,"1":0,"2":10}}
,"/Users/muradjabbarov/nextjs/app/types/types.tsx": {"path":"/Users/muradjabbarov/nextjs/app/types/types.tsx","all":true,"statementMap":{},"s":{},"branchMap":{"0":{"type":"branch","line":1,"loc":{"start":{"line":1,"column":515},"end":{"line":24,"column":1}},"locations":[{"start":{"line":1,"column":515},"end":{"line":24,"column":1}}]}},"b":{"0":[1]},"fnMap":{"0":{"name":"(empty-report)","decl":{"start":{"line":1,"column":515},"end":{"line":24,"column":1}},"loc":{"start":{"line":1,"column":515},"end":{"line":24,"column":1}},"line":1}},"f":{"0":1}}
,"/Users/muradjabbarov/nextjs/app/utils/api.ts": {"path":"/Users/muradjabbarov/nextjs/app/utils/api.ts","all":false,"statementMap":{"0":{"start":{"line":1,"column":0},"end":{"line":1,"column":46}},"1":{"start":{"line":2,"column":0},"end":{"line":2,"column":108}},"2":{"start":{"line":3,"column":0},"end":{"line":3,"column":23}},"3":{"start":{"line":4,"column":0},"end":{"line":4,"column":48}},"4":{"start":{"line":5,"column":0},"end":{"line":5,"column":5}},"5":{"start":{"line":6,"column":0},"end":{"line":6,"column":39}},"6":{"start":{"line":7,"column":0},"end":{"line":7,"column":22}},"7":{"start":{"line":8,"column":0},"end":{"line":8,"column":1}}},"s":{"0":3,"1":3,"2":3,"3":1,"4":1,"5":1,"6":1,"7":1},"branchMap":{"0":{"type":"branch","line":1,"loc":{"start":{"line":1,"column":0},"end":{"line":8,"column":1}},"locations":[{"start":{"line":1,"column":0},"end":{"line":8,"column":1}}]},"1":{"type":"branch","line":2,"loc":{"start":{"line":2,"column":106},"end":{"line":3,"column":22}},"locations":[{"start":{"line":2,"column":106},"end":{"line":3,"column":22}}]},"2":{"type":"branch","line":3,"loc":{"start":{"line":3,"column":22},"end":{"line":8,"column":1}},"locations":[{"start":{"line":3,"column":22},"end":{"line":8,"column":1}}]}},"b":{"0":[3],"1":[2],"2":[1]},"fnMap":{"0":{"name":"getBooks","decl":{"start":{"line":1,"column":0},"end":{"line":8,"column":1}},"loc":{"start":{"line":1,"column":0},"end":{"line":8,"column":1}},"line":1}},"f":{"0":3}}
,"/Users/muradjabbarov/nextjs/tests/BookList.test.tsx": {"path":"/Users/muradjabbarov/nextjs/tests/BookList.test.tsx","all":false,"statementMap":{"0":{"start":{"line":1,"column":0},"end":{"line":1,"column":26}},"1":{"start":{"line":2,"column":0},"end":{"line":2,"column":67}},"2":{"start":{"line":3,"column":0},"end":{"line":3,"column":28}},"3":{"start":{"line":4,"column":0},"end":{"line":4,"column":54}},"5":{"start":{"line":6,"column":0},"end":{"line":6,"column":60}},"7":{"start":{"line":8,"column":0},"end":{"line":8,"column":23}},"8":{"start":{"line":9,"column":0},"end":{"line":9,"column":94}},"9":{"start":{"line":10,"column":0},"end":{"line":10,"column":94}},"10":{"start":{"line":11,"column":0},"end":{"line":11,"column":2}},"12":{"start":{"line":13,"column":0},"end":{"line":13,"column":32}},"14":{"start":{"line":15,"column":0},"end":{"line":15,"column":88}},"15":{"start":{"line":16,"column":0},"end":{"line":16,"column":112}},"16":{"start":{"line":17,"column":0},"end":{"line":17,"column":2}},"18":{"start":{"line":19,"column":0},"end":{"line":19,"column":38}},"19":{"start":{"line":20,"column":0},"end":{"line":20,"column":57}},"20":{"start":{"line":21,"column":0},"end":{"line":21,"column":100}},"22":{"start":{"line":23,"column":0},"end":{"line":23,"column":67}},"23":{"start":{"line":24,"column":0},"end":{"line":24,"column":7}},"25":{"start":{"line":26,"column":0},"end":{"line":26,"column":51}},"26":{"start":{"line":27,"column":0},"end":{"line":27,"column":103}},"28":{"start":{"line":29,"column":0},"end":{"line":29,"column":63}},"29":{"start":{"line":30,"column":0},"end":{"line":30,"column":63}},"30":{"start":{"line":31,"column":0},"end":{"line":31,"column":64}},"31":{"start":{"line":32,"column":0},"end":{"line":32,"column":7}},"33":{"start":{"line":34,"column":0},"end":{"line":34,"column":56}},"34":{"start":{"line":35,"column":0},"end":{"line":35,"column":41}},"35":{"start":{"line":36,"column":0},"end":{"line":36,"column":97}},"37":{"start":{"line":38,"column":0},"end":{"line":38,"column":118}},"40":{"start":{"line":41,"column":0},"end":{"line":41,"column":52}},"41":{"start":{"line":42,"column":0},"end":{"line":42,"column":69}},"44":{"start":{"line":45,"column":0},"end":{"line":45,"column":52}},"45":{"start":{"line":46,"column":0},"end":{"line":46,"column":61}},"46":{"start":{"line":47,"column":0},"end":{"line":47,"column":7}},"48":{"start":{"line":49,"column":0},"end":{"line":49,"column":64}},"49":{"start":{"line":50,"column":0},"end":{"line":50,"column":111}},"51":{"start":{"line":52,"column":0},"end":{"line":52,"column":70}},"52":{"start":{"line":53,"column":0},"end":{"line":53,"column":56}},"53":{"start":{"line":54,"column":0},"end":{"line":54,"column":7}},"54":{"start":{"line":55,"column":0},"end":{"line":55,"column":3}}},"s":{"0":1,"1":1,"2":1,"3":1,"5":1,"7":1,"8":1,"9":1,"10":1,"12":1,"14":1,"15":4,"16":4,"18":1,"19":1,"20":1,"22":1,"23":1,"25":1,"26":1,"28":1,"29":1,"30":1,"31":1,"33":1,"34":1,"35":1,"37":1,"40":1,"41":1,"44":1,"45":1,"46":1,"48":1,"49":1,"51":1,"52":1,"53":1,"54":1},"branchMap":{"0":{"type":"branch","line":15,"loc":{"start":{"line":15,"column":24},"end":{"line":17,"column":2}},"locations":[{"start":{"line":15,"column":24},"end":{"line":17,"column":2}}]},"1":{"type":"branch","line":19,"loc":{"start":{"line":19,"column":31},"end":{"line":55,"column":3}},"locations":[{"start":{"line":19,"column":31},"end":{"line":55,"column":3}}]},"2":{"type":"branch","line":20,"loc":{"start":{"line":20,"column":50},"end":{"line":24,"column":5}},"locations":[{"start":{"line":20,"column":50},"end":{"line":24,"column":5}}]},"3":{"type":"branch","line":26,"loc":{"start":{"line":26,"column":44},"end":{"line":32,"column":5}},"locations":[{"start":{"line":26,"column":44},"end":{"line":32,"column":5}}]},"4":{"type":"branch","line":34,"loc":{"start":{"line":34,"column":49},"end":{"line":47,"column":5}},"locations":[{"start":{"line":34,"column":49},"end":{"line":47,"column":5}}]},"5":{"type":"branch","line":36,"loc":{"start":{"line":36,"column":42},"end":{"line":36,"column":95}},"locations":[{"start":{"line":36,"column":42},"end":{"line":36,"column":95}}]},"6":{"type":"branch","line":49,"loc":{"start":{"line":49,"column":57},"end":{"line":54,"column":5}},"locations":[{"start":{"line":49,"column":57},"end":{"line":54,"column":5}}]}},"b":{"0":[4],"1":[1],"2":[1],"3":[1],"4":[1],"5":[2],"6":[1]},"fnMap":{"0":{"name":"renderWithTheme","decl":{"start":{"line":15,"column":24},"end":{"line":17,"column":2}},"loc":{"start":{"line":15,"column":24},"end":{"line":17,"column":2}},"line":15},"1":{"name":"toggleTheme","decl":{"start":{"line":16,"column":70},"end":{"line":16,"column":79}},"loc":{"start":{"line":16,"column":70},"end":{"line":16,"column":79}},"line":16}},"f":{"0":4,"1":0}}
,"/Users/muradjabbarov/nextjs/tests/Flyout.test.tsx": {"path":"/Users/muradjabbarov/nextjs/tests/Flyout.test.tsx","all":false,"statementMap":{"0":{"start":{"line":1,"column":0},"end":{"line":1,"column":50}},"1":{"start":{"line":2,"column":0},"end":{"line":2,"column":67}},"2":{"start":{"line":3,"column":0},"end":{"line":3,"column":46}},"3":{"start":{"line":4,"column":0},"end":{"line":4,"column":61}},"5":{"start":{"line":6,"column":0},"end":{"line":6,"column":26}},"7":{"start":{"line":8,"column":0},"end":{"line":8,"column":17}},"8":{"start":{"line":9,"column":0},"end":{"line":9,"column":26}},"9":{"start":{"line":10,"column":0},"end":{"line":10,"column":49}},"10":{"start":{"line":11,"column":0},"end":{"line":11,"column":33}},"11":{"start":{"line":12,"column":0},"end":{"line":12,"column":7}},"12":{"start":{"line":13,"column":0},"end":{"line":13,"column":3}},"14":{"start":{"line":15,"column":0},"end":{"line":15,"column":17}},"15":{"start":{"line":16,"column":0},"end":{"line":16,"column":25}},"16":{"start":{"line":17,"column":0},"end":{"line":17,"column":3}},"18":{"start":{"line":19,"column":0},"end":{"line":19,"column":71}},"19":{"start":{"line":20,"column":0},"end":{"line":20,"column":82}},"20":{"start":{"line":21,"column":0},"end":{"line":21,"column":2}},"22":{"start":{"line":23,"column":0},"end":{"line":23,"column":36}},"23":{"start":{"line":24,"column":0},"end":{"line":24,"column":82}},"24":{"start":{"line":25,"column":0},"end":{"line":25,"column":121}},"26":{"start":{"line":27,"column":0},"end":{"line":27,"column":95}},"27":{"start":{"line":28,"column":0},"end":{"line":28,"column":25}},"28":{"start":{"line":29,"column":0},"end":{"line":29,"column":37}},"29":{"start":{"line":30,"column":0},"end":{"line":30,"column":11}},"31":{"start":{"line":32,"column":0},"end":{"line":32,"column":72}},"32":{"start":{"line":33,"column":0},"end":{"line":33,"column":7}},"34":{"start":{"line":35,"column":0},"end":{"line":35,"column":75}},"35":{"start":{"line":36,"column":0},"end":{"line":36,"column":40}},"36":{"start":{"line":37,"column":0},"end":{"line":37,"column":121}},"38":{"start":{"line":39,"column":0},"end":{"line":39,"column":103}},"39":{"start":{"line":40,"column":0},"end":{"line":40,"column":25}},"40":{"start":{"line":41,"column":0},"end":{"line":41,"column":28}},"41":{"start":{"line":42,"column":0},"end":{"line":42,"column":11}},"43":{"start":{"line":44,"column":0},"end":{"line":44,"column":58}},"44":{"start":{"line":45,"column":0},"end":{"line":45,"column":57}},"45":{"start":{"line":46,"column":0},"end":{"line":46,"column":7}},"47":{"start":{"line":48,"column":0},"end":{"line":48,"column":65}},"48":{"start":{"line":49,"column":0},"end":{"line":49,"column":30}},"49":{"start":{"line":50,"column":0},"end":{"line":50,"column":102}},"50":{"start":{"line":51,"column":0},"end":{"line":51,"column":102}},"51":{"start":{"line":52,"column":0},"end":{"line":52,"column":10}},"53":{"start":{"line":54,"column":0},"end":{"line":54,"column":95}},"54":{"start":{"line":55,"column":0},"end":{"line":55,"column":25}},"55":{"start":{"line":56,"column":0},"end":{"line":56,"column":37}},"56":{"start":{"line":57,"column":0},"end":{"line":57,"column":11}},"58":{"start":{"line":59,"column":0},"end":{"line":59,"column":69}},"59":{"start":{"line":60,"column":0},"end":{"line":60,"column":51}},"60":{"start":{"line":61,"column":0},"end":{"line":61,"column":67}},"61":{"start":{"line":62,"column":0},"end":{"line":62,"column":75}},"62":{"start":{"line":63,"column":0},"end":{"line":63,"column":7}},"63":{"start":{"line":64,"column":0},"end":{"line":64,"column":3}}},"s":{"0":1,"1":1,"2":1,"3":1,"5":1,"7":1,"8":1,"9":1,"10":1,"11":1,"12":1,"14":1,"15":3,"16":3,"18":1,"19":3,"20":3,"22":1,"23":1,"24":1,"26":1,"27":1,"28":1,"29":1,"31":1,"32":1,"34":1,"35":1,"36":1,"38":1,"39":1,"40":1,"41":1,"43":1,"44":1,"45":1,"47":1,"48":1,"49":1,"50":1,"51":1,"53":1,"54":1,"55":1,"56":1,"58":1,"59":1,"60":1,"61":1,"62":1,"63":1},"branchMap":{"0":{"type":"branch","line":8,"loc":{"start":{"line":8,"column":10},"end":{"line":13,"column":3}},"locations":[{"start":{"line":8,"column":10},"end":{"line":13,"column":3}}]},"1":{"type":"branch","line":10,"loc":{"start":{"line":10,"column":31},"end":{"line":10,"column":47}},"locations":[{"start":{"line":10,"column":31},"end":{"line":10,"column":47}}]},"2":{"type":"branch","line":15,"loc":{"start":{"line":15,"column":10},"end":{"line":17,"column":3}},"locations":[{"start":{"line":15,"column":10},"end":{"line":17,"column":3}}]},"3":{"type":"branch","line":19,"loc":{"start":{"line":19,"column":28},"end":{"line":21,"column":2}},"locations":[{"start":{"line":19,"column":28},"end":{"line":21,"column":2}}]},"4":{"type":"branch","line":23,"loc":{"start":{"line":23,"column":29},"end":{"line":64,"column":3}},"locations":[{"start":{"line":23,"column":29},"end":{"line":64,"column":3}}]},"5":{"type":"branch","line":24,"loc":{"start":{"line":24,"column":75},"end":{"line":33,"column":5}},"locations":[{"start":{"line":24,"column":75},"end":{"line":33,"column":5}}]},"6":{"type":"branch","line":35,"loc":{"start":{"line":35,"column":68},"end":{"line":46,"column":5}},"locations":[{"start":{"line":35,"column":68},"end":{"line":46,"column":5}}]},"7":{"type":"branch","line":48,"loc":{"start":{"line":48,"column":58},"end":{"line":63,"column":5}},"locations":[{"start":{"line":48,"column":58},"end":{"line":63,"column":5}}]}},"b":{"0":[1],"1":[3],"2":[3],"3":[3],"4":[1],"5":[1],"6":[1],"7":[1]},"fnMap":{"0":{"name":"renderWithProviders","decl":{"start":{"line":19,"column":28},"end":{"line":21,"column":2}},"loc":{"start":{"line":19,"column":28},"end":{"line":21,"column":2}},"line":19}},"f":{"0":3}}
,"/Users/muradjabbarov/nextjs/tests/Header.test.tsx": {"path":"/Users/muradjabbarov/nextjs/tests/Header.test.tsx","all":false,"statementMap":{"0":{"start":{"line":1,"column":0},"end":{"line":1,"column":26}},"1":{"start":{"line":2,"column":0},"end":{"line":2,"column":67}},"2":{"start":{"line":3,"column":0},"end":{"line":3,"column":28}},"3":{"start":{"line":4,"column":0},"end":{"line":4,"column":50}},"4":{"start":{"line":5,"column":0},"end":{"line":5,"column":60}},"7":{"start":{"line":8,"column":0},"end":{"line":8,"column":111}},"8":{"start":{"line":9,"column":0},"end":{"line":9,"column":18}},"9":{"start":{"line":10,"column":0},"end":{"line":10,"column":62}},"10":{"start":{"line":11,"column":0},"end":{"line":11,"column":16}},"11":{"start":{"line":12,"column":0},"end":{"line":12,"column":32}},"12":{"start":{"line":13,"column":0},"end":{"line":13,"column":6}},"13":{"start":{"line":14,"column":0},"end":{"line":14,"column":2}},"15":{"start":{"line":16,"column":0},"end":{"line":16,"column":36}},"16":{"start":{"line":17,"column":0},"end":{"line":17,"column":35}},"17":{"start":{"line":18,"column":0},"end":{"line":18,"column":36}},"18":{"start":{"line":19,"column":0},"end":{"line":19,"column":65}},"19":{"start":{"line":20,"column":0},"end":{"line":20,"column":67}},"20":{"start":{"line":21,"column":0},"end":{"line":21,"column":7}},"22":{"start":{"line":23,"column":0},"end":{"line":23,"column":64}},"23":{"start":{"line":24,"column":0},"end":{"line":24,"column":44}},"24":{"start":{"line":25,"column":0},"end":{"line":25,"column":59}},"25":{"start":{"line":26,"column":0},"end":{"line":26,"column":56}},"26":{"start":{"line":27,"column":0},"end":{"line":27,"column":7}},"28":{"start":{"line":29,"column":0},"end":{"line":29,"column":60}},"29":{"start":{"line":30,"column":0},"end":{"line":30,"column":40}},"30":{"start":{"line":31,"column":0},"end":{"line":31,"column":62}},"32":{"start":{"line":33,"column":0},"end":{"line":33,"column":69}},"33":{"start":{"line":34,"column":0},"end":{"line":34,"column":34}},"35":{"start":{"line":36,"column":0},"end":{"line":36,"column":57}},"36":{"start":{"line":37,"column":0},"end":{"line":37,"column":7}},"38":{"start":{"line":39,"column":0},"end":{"line":39,"column":56}},"39":{"start":{"line":40,"column":0},"end":{"line":40,"column":44}},"40":{"start":{"line":41,"column":0},"end":{"line":41,"column":69}},"41":{"start":{"line":42,"column":0},"end":{"line":42,"column":39}},"42":{"start":{"line":43,"column":0},"end":{"line":43,"column":7}},"44":{"start":{"line":45,"column":0},"end":{"line":45,"column":59}},"45":{"start":{"line":46,"column":0},"end":{"line":46,"column":45}},"46":{"start":{"line":47,"column":0},"end":{"line":47,"column":69}},"47":{"start":{"line":48,"column":0},"end":{"line":48,"column":43}},"48":{"start":{"line":49,"column":0},"end":{"line":49,"column":7}},"49":{"start":{"line":50,"column":0},"end":{"line":50,"column":3}}},"s":{"0":1,"1":1,"2":1,"3":1,"4":1,"7":1,"8":5,"9":5,"10":5,"11":5,"12":5,"13":5,"15":1,"16":1,"17":1,"18":1,"19":1,"20":1,"22":1,"23":1,"24":1,"25":1,"26":1,"28":1,"29":1,"30":1,"32":1,"33":1,"35":1,"36":1,"38":1,"39":1,"40":1,"41":1,"42":1,"44":1,"45":1,"46":1,"47":1,"48":1,"49":1},"branchMap":{"0":{"type":"branch","line":8,"loc":{"start":{"line":8,"column":24},"end":{"line":14,"column":2}},"locations":[{"start":{"line":8,"column":24},"end":{"line":14,"column":2}}]},"1":{"type":"branch","line":16,"loc":{"start":{"line":16,"column":29},"end":{"line":50,"column":3}},"locations":[{"start":{"line":16,"column":29},"end":{"line":50,"column":3}}]},"2":{"type":"branch","line":17,"loc":{"start":{"line":17,"column":28},"end":{"line":21,"column":5}},"locations":[{"start":{"line":17,"column":28},"end":{"line":21,"column":5}}]},"3":{"type":"branch","line":23,"loc":{"start":{"line":23,"column":57},"end":{"line":27,"column":5}},"locations":[{"start":{"line":23,"column":57},"end":{"line":27,"column":5}}]},"4":{"type":"branch","line":29,"loc":{"start":{"line":29,"column":53},"end":{"line":37,"column":5}},"locations":[{"start":{"line":29,"column":53},"end":{"line":37,"column":5}}]},"5":{"type":"branch","line":39,"loc":{"start":{"line":39,"column":49},"end":{"line":43,"column":5}},"locations":[{"start":{"line":39,"column":49},"end":{"line":43,"column":5}}]},"6":{"type":"branch","line":45,"loc":{"start":{"line":45,"column":52},"end":{"line":49,"column":5}},"locations":[{"start":{"line":45,"column":52},"end":{"line":49,"column":5}}]}},"b":{"0":[5],"1":[1],"2":[1],"3":[1],"4":[1],"5":[1],"6":[1]},"fnMap":{"0":{"name":"renderWithTheme","decl":{"start":{"line":8,"column":24},"end":{"line":14,"column":2}},"loc":{"start":{"line":8,"column":24},"end":{"line":14,"column":2}},"line":8}},"f":{"0":5}}
,"/Users/muradjabbarov/nextjs/tests/Layout.test.tsx": {"path":"/Users/muradjabbarov/nextjs/tests/Layout.test.tsx","all":false,"statementMap":{"0":{"start":{"line":1,"column":0},"end":{"line":1,"column":48}},"2":{"start":{"line":3,"column":0},"end":{"line":3,"column":42}},"3":{"start":{"line":4,"column":0},"end":{"line":4,"column":48}},"4":{"start":{"line":5,"column":0},"end":{"line":5,"column":28}},"7":{"start":{"line":8,"column":0},"end":{"line":8,"column":25}},"19":{"start":{"line":20,"column":0},"end":{"line":20,"column":36}},"20":{"start":{"line":21,"column":0},"end":{"line":21,"column":67}},"21":{"start":{"line":22,"column":0},"end":{"line":22,"column":48}},"22":{"start":{"line":23,"column":0},"end":{"line":23,"column":20}},"23":{"start":{"line":24,"column":0},"end":{"line":24,"column":39}},"24":{"start":{"line":25,"column":0},"end":{"line":25,"column":21}},"25":{"start":{"line":26,"column":0},"end":{"line":26,"column":10}},"27":{"start":{"line":28,"column":0},"end":{"line":28,"column":62}},"28":{"start":{"line":29,"column":0},"end":{"line":29,"column":68}},"29":{"start":{"line":30,"column":0},"end":{"line":30,"column":68}},"30":{"start":{"line":31,"column":0},"end":{"line":31,"column":70}},"31":{"start":{"line":32,"column":0},"end":{"line":32,"column":7}},"32":{"start":{"line":33,"column":0},"end":{"line":33,"column":3}},"34":{"start":{"line":35,"column":0},"end":{"line":35,"column":33}},"35":{"start":{"line":36,"column":0},"end":{"line":36,"column":59}},"36":{"start":{"line":37,"column":0},"end":{"line":37,"column":48}},"37":{"start":{"line":38,"column":0},"end":{"line":38,"column":26}},"38":{"start":{"line":39,"column":0},"end":{"line":39,"column":23}},"39":{"start":{"line":40,"column":0},"end":{"line":40,"column":27}},"40":{"start":{"line":41,"column":0},"end":{"line":41,"column":10}},"42":{"start":{"line":43,"column":0},"end":{"line":43,"column":64}},"43":{"start":{"line":44,"column":0},"end":{"line":44,"column":44}},"44":{"start":{"line":45,"column":0},"end":{"line":45,"column":7}},"45":{"start":{"line":46,"column":0},"end":{"line":46,"column":3}}},"s":{"0":1,"2":1,"3":1,"4":1,"7":1,"19":1,"20":1,"21":1,"22":1,"23":1,"24":1,"25":1,"27":1,"28":1,"29":1,"30":1,"31":1,"32":1,"34":1,"35":1,"36":1,"37":1,"38":1,"39":1,"40":1,"42":1,"43":1,"44":1,"45":1},"branchMap":{"0":{"type":"branch","line":20,"loc":{"start":{"line":20,"column":29},"end":{"line":33,"column":3}},"locations":[{"start":{"line":20,"column":29},"end":{"line":33,"column":3}}]},"1":{"type":"branch","line":21,"loc":{"start":{"line":21,"column":60},"end":{"line":32,"column":5}},"locations":[{"start":{"line":21,"column":60},"end":{"line":32,"column":5}}]},"2":{"type":"branch","line":35,"loc":{"start":{"line":35,"column":26},"end":{"line":46,"column":3}},"locations":[{"start":{"line":35,"column":26},"end":{"line":46,"column":3}}]},"3":{"type":"branch","line":36,"loc":{"start":{"line":36,"column":52},"end":{"line":45,"column":5}},"locations":[{"start":{"line":36,"column":52},"end":{"line":45,"column":5}}]}},"b":{"0":[1],"1":[1],"2":[1],"3":[1]},"fnMap":{},"f":{}}
,"/Users/muradjabbarov/nextjs/tests/Pagination.test.tsx": {"path":"/Users/muradjabbarov/nextjs/tests/Pagination.test.tsx","all":false,"statementMap":{"0":{"start":{"line":1,"column":0},"end":{"line":1,"column":26}},"1":{"start":{"line":2,"column":0},"end":{"line":2,"column":67}},"2":{"start":{"line":3,"column":0},"end":{"line":3,"column":28}},"3":{"start":{"line":4,"column":0},"end":{"line":4,"column":61}},"4":{"start":{"line":5,"column":0},"end":{"line":5,"column":58}},"5":{"start":{"line":6,"column":0},"end":{"line":6,"column":61}},"16":{"start":{"line":17,"column":0},"end":{"line":17,"column":155}},"17":{"start":{"line":18,"column":0},"end":{"line":18,"column":18}},"18":{"start":{"line":19,"column":0},"end":{"line":19,"column":22}},"19":{"start":{"line":20,"column":0},"end":{"line":20,"column":78}},"20":{"start":{"line":21,"column":0},"end":{"line":21,"column":23}},"21":{"start":{"line":22,"column":0},"end":{"line":22,"column":6}},"22":{"start":{"line":23,"column":0},"end":{"line":23,"column":2}},"24":{"start":{"line":25,"column":0},"end":{"line":25,"column":40}},"25":{"start":{"line":26,"column":0},"end":{"line":26,"column":35}},"27":{"start":{"line":28,"column":0},"end":{"line":28,"column":22}},"28":{"start":{"line":29,"column":0},"end":{"line":29,"column":63}},"29":{"start":{"line":30,"column":0},"end":{"line":30,"column":7}},"31":{"start":{"line":32,"column":0},"end":{"line":32,"column":21}},"32":{"start":{"line":33,"column":0},"end":{"line":33,"column":27}},"33":{"start":{"line":34,"column":0},"end":{"line":34,"column":7}},"35":{"start":{"line":36,"column":0},"end":{"line":36,"column":35}},"36":{"start":{"line":37,"column":0},"end":{"line":37,"column":85}},"37":{"start":{"line":38,"column":0},"end":{"line":38,"column":69}},"38":{"start":{"line":39,"column":0},"end":{"line":39,"column":58}},"39":{"start":{"line":40,"column":0},"end":{"line":40,"column":7}},"41":{"start":{"line":42,"column":0},"end":{"line":42,"column":59}},"42":{"start":{"line":43,"column":0},"end":{"line":43,"column":85}},"43":{"start":{"line":44,"column":0},"end":{"line":44,"column":65}},"44":{"start":{"line":45,"column":0},"end":{"line":45,"column":7}},"46":{"start":{"line":47,"column":0},"end":{"line":47,"column":58}},"47":{"start":{"line":48,"column":0},"end":{"line":48,"column":86}},"48":{"start":{"line":49,"column":0},"end":{"line":49,"column":65}},"49":{"start":{"line":50,"column":0},"end":{"line":50,"column":7}},"51":{"start":{"line":52,"column":0},"end":{"line":52,"column":65}},"52":{"start":{"line":53,"column":0},"end":{"line":53,"column":43}},"53":{"start":{"line":54,"column":0},"end":{"line":54,"column":96}},"55":{"start":{"line":56,"column":0},"end":{"line":56,"column":61}},"56":{"start":{"line":57,"column":0},"end":{"line":57,"column":36}},"58":{"start":{"line":59,"column":0},"end":{"line":59,"column":59}},"59":{"start":{"line":60,"column":0},"end":{"line":60,"column":64}},"60":{"start":{"line":61,"column":0},"end":{"line":61,"column":7}},"62":{"start":{"line":63,"column":0},"end":{"line":63,"column":69}},"63":{"start":{"line":64,"column":0},"end":{"line":64,"column":43}},"64":{"start":{"line":65,"column":0},"end":{"line":65,"column":96}},"66":{"start":{"line":67,"column":0},"end":{"line":67,"column":61}},"67":{"start":{"line":68,"column":0},"end":{"line":68,"column":36}},"69":{"start":{"line":70,"column":0},"end":{"line":70,"column":59}},"70":{"start":{"line":71,"column":0},"end":{"line":71,"column":64}},"71":{"start":{"line":72,"column":0},"end":{"line":72,"column":7}},"73":{"start":{"line":74,"column":0},"end":{"line":74,"column":49}},"74":{"start":{"line":75,"column":0},"end":{"line":75,"column":104}},"76":{"start":{"line":77,"column":0},"end":{"line":77,"column":69}},"77":{"start":{"line":78,"column":0},"end":{"line":78,"column":65}},"78":{"start":{"line":79,"column":0},"end":{"line":79,"column":7}},"79":{"start":{"line":80,"column":0},"end":{"line":80,"column":3}}},"s":{"0":1,"1":1,"2":1,"3":1,"4":1,"5":1,"16":1,"17":6,"18":6,"19":6,"20":6,"21":6,"22":6,"24":1,"25":1,"27":1,"28":6,"29":1,"31":1,"32":6,"33":1,"35":1,"36":1,"37":1,"38":1,"39":1,"41":1,"42":1,"43":1,"44":1,"46":1,"47":1,"48":1,"49":1,"51":1,"52":1,"53":1,"55":1,"56":1,"58":1,"59":1,"60":1,"62":1,"63":1,"64":1,"66":1,"67":1,"69":1,"70":1,"71":1,"73":1,"74":1,"76":1,"77":1,"78":1,"79":1},"branchMap":{"0":{"type":"branch","line":17,"loc":{"start":{"line":17,"column":28},"end":{"line":23,"column":2}},"locations":[{"start":{"line":17,"column":28},"end":{"line":23,"column":2}}]},"1":{"type":"branch","line":25,"loc":{"start":{"line":25,"column":33},"end":{"line":80,"column":3}},"locations":[{"start":{"line":25,"column":33},"end":{"line":80,"column":3}}]},"2":{"type":"branch","line":28,"loc":{"start":{"line":28,"column":15},"end":{"line":30,"column":5}},"locations":[{"start":{"line":28,"column":15},"end":{"line":30,"column":5}}]},"3":{"type":"branch","line":32,"loc":{"start":{"line":32,"column":14},"end":{"line":34,"column":5}},"locations":[{"start":{"line":32,"column":14},"end":{"line":34,"column":5}}]},"4":{"type":"branch","line":36,"loc":{"start":{"line":36,"column":28},"end":{"line":40,"column":5}},"locations":[{"start":{"line":36,"column":28},"end":{"line":40,"column":5}}]},"5":{"type":"branch","line":42,"loc":{"start":{"line":42,"column":52},"end":{"line":45,"column":5}},"locations":[{"start":{"line":42,"column":52},"end":{"line":45,"column":5}}]},"6":{"type":"branch","line":47,"loc":{"start":{"line":47,"column":51},"end":{"line":50,"column":5}},"locations":[{"start":{"line":47,"column":51},"end":{"line":50,"column":5}}]},"7":{"type":"branch","line":52,"loc":{"start":{"line":52,"column":58},"end":{"line":61,"column":5}},"locations":[{"start":{"line":52,"column":58},"end":{"line":61,"column":5}}]},"8":{"type":"branch","line":63,"loc":{"start":{"line":63,"column":62},"end":{"line":72,"column":5}},"locations":[{"start":{"line":63,"column":62},"end":{"line":72,"column":5}}]},"9":{"type":"branch","line":74,"loc":{"start":{"line":74,"column":42},"end":{"line":79,"column":5}},"locations":[{"start":{"line":74,"column":42},"end":{"line":79,"column":5}}]}},"b":{"0":[6],"1":[1],"2":[6],"3":[6],"4":[1],"5":[1],"6":[1],"7":[1],"8":[1],"9":[1]},"fnMap":{"0":{"name":"renderWithProviders","decl":{"start":{"line":17,"column":28},"end":{"line":23,"column":2}},"loc":{"start":{"line":17,"column":28},"end":{"line":23,"column":2}},"line":17}},"f":{"0":6}}
,"/Users/muradjabbarov/nextjs/tests/ThemeContext.test.tsx": {"path":"/Users/muradjabbarov/nextjs/tests/ThemeContext.test.tsx","all":false,"statementMap":{"0":{"start":{"line":1,"column":0},"end":{"line":1,"column":26}},"1":{"start":{"line":2,"column":0},"end":{"line":2,"column":67}},"2":{"start":{"line":3,"column":0},"end":{"line":3,"column":50}},"3":{"start":{"line":4,"column":0},"end":{"line":4,"column":79}},"6":{"start":{"line":7,"column":0},"end":{"line":7,"column":39}},"7":{"start":{"line":8,"column":0},"end":{"line":8,"column":53}},"9":{"start":{"line":10,"column":0},"end":{"line":10,"column":12}},"10":{"start":{"line":11,"column":0},"end":{"line":11,"column":13}},"11":{"start":{"line":12,"column":0},"end":{"line":12,"column":41}},"12":{"start":{"line":13,"column":0},"end":{"line":13,"column":63}},"13":{"start":{"line":14,"column":0},"end":{"line":14,"column":14}},"15":{"start":{"line":16,"column":0},"end":{"line":16,"column":2}},"18":{"start":{"line":19,"column":0},"end":{"line":19,"column":45}},"19":{"start":{"line":20,"column":0},"end":{"line":20,"column":9}},"20":{"start":{"line":21,"column":0},"end":{"line":21,"column":26}},"21":{"start":{"line":22,"column":0},"end":{"line":22,"column":38}},"22":{"start":{"line":23,"column":0},"end":{"line":23,"column":21}},"23":{"start":{"line":24,"column":0},"end":{"line":24,"column":49}},"24":{"start":{"line":25,"column":0},"end":{"line":25,"column":5}},"25":{"start":{"line":26,"column":0},"end":{"line":26,"column":2}},"27":{"start":{"line":28,"column":0},"end":{"line":28,"column":32}},"28":{"start":{"line":29,"column":0},"end":{"line":29,"column":52}},"29":{"start":{"line":30,"column":0},"end":{"line":30,"column":15}},"30":{"start":{"line":31,"column":0},"end":{"line":31,"column":27}},"31":{"start":{"line":32,"column":0},"end":{"line":32,"column":33}},"32":{"start":{"line":33,"column":0},"end":{"line":33,"column":28}},"33":{"start":{"line":34,"column":0},"end":{"line":34,"column":10}},"35":{"start":{"line":36,"column":0},"end":{"line":36,"column":77}},"36":{"start":{"line":37,"column":0},"end":{"line":37,"column":7}},"38":{"start":{"line":39,"column":0},"end":{"line":39,"column":60}},"39":{"start":{"line":40,"column":0},"end":{"line":40,"column":15}},"40":{"start":{"line":41,"column":0},"end":{"line":41,"column":27}},"41":{"start":{"line":42,"column":0},"end":{"line":42,"column":33}},"42":{"start":{"line":43,"column":0},"end":{"line":43,"column":28}},"43":{"start":{"line":44,"column":0},"end":{"line":44,"column":10}},"46":{"start":{"line":47,"column":0},"end":{"line":47,"column":77}},"49":{"start":{"line":50,"column":0},"end":{"line":50,"column":58}},"50":{"start":{"line":51,"column":0},"end":{"line":51,"column":76}},"53":{"start":{"line":54,"column":0},"end":{"line":54,"column":58}},"54":{"start":{"line":55,"column":0},"end":{"line":55,"column":77}},"55":{"start":{"line":56,"column":0},"end":{"line":56,"column":7}},"57":{"start":{"line":58,"column":0},"end":{"line":58,"column":91}},"58":{"start":{"line":59,"column":0},"end":{"line":59,"column":40}},"61":{"start":{"line":62,"column":0},"end":{"line":62,"column":103}},"62":{"start":{"line":63,"column":0},"end":{"line":63,"column":7}},"63":{"start":{"line":64,"column":0},"end":{"line":64,"column":3}}},"s":{"0":1,"1":1,"2":1,"3":1,"6":1,"7":4,"9":4,"10":4,"11":4,"12":4,"13":4,"15":4,"18":1,"19":1,"20":1,"21":1,"22":1,"23":1,"24":1,"25":1,"27":1,"28":1,"29":1,"30":1,"31":1,"32":1,"33":1,"35":1,"36":1,"38":1,"39":1,"40":1,"41":1,"42":1,"43":1,"46":1,"49":1,"50":1,"53":1,"54":1,"55":1,"57":1,"58":1,"61":1,"62":1,"63":1},"branchMap":{"0":{"type":"branch","line":7,"loc":{"start":{"line":7,"column":32},"end":{"line":16,"column":2}},"locations":[{"start":{"line":7,"column":32},"end":{"line":16,"column":2}}]},"1":{"type":"branch","line":19,"loc":{"start":{"line":19,"column":38},"end":{"line":26,"column":2}},"locations":[{"start":{"line":19,"column":38},"end":{"line":26,"column":2}}]},"2":{"type":"branch","line":28,"loc":{"start":{"line":28,"column":25},"end":{"line":64,"column":3}},"locations":[{"start":{"line":28,"column":25},"end":{"line":64,"column":3}}]},"3":{"type":"branch","line":29,"loc":{"start":{"line":29,"column":45},"end":{"line":37,"column":5}},"locations":[{"start":{"line":29,"column":45},"end":{"line":37,"column":5}}]},"4":{"type":"branch","line":39,"loc":{"start":{"line":39,"column":53},"end":{"line":56,"column":5}},"locations":[{"start":{"line":39,"column":53},"end":{"line":56,"column":5}}]},"5":{"type":"branch","line":58,"loc":{"start":{"line":58,"column":84},"end":{"line":63,"column":5}},"locations":[{"start":{"line":58,"column":84},"end":{"line":63,"column":5}}]}},"b":{"0":[4],"1":[1],"2":[1],"3":[1],"4":[1],"5":[1]},"fnMap":{"0":{"name":"TestComponent","decl":{"start":{"line":7,"column":32},"end":{"line":16,"column":2}},"loc":{"start":{"line":7,"column":32},"end":{"line":16,"column":2}},"line":7},"1":{"name":"NoProviderComponent","decl":{"start":{"line":19,"column":38},"end":{"line":26,"column":2}},"loc":{"start":{"line":19,"column":38},"end":{"line":26,"column":2}},"line":19}},"f":{"0":4,"1":1}}
,"/Users/muradjabbarov/nextjs/tests/api.test.ts": {"path":"/Users/muradjabbarov/nextjs/tests/api.test.ts","all":false,"statementMap":{"0":{"start":{"line":1,"column":0},"end":{"line":1,"column":73}},"1":{"start":{"line":2,"column":0},"end":{"line":2,"column":44}},"3":{"start":{"line":4,"column":0},"end":{"line":4,"column":39}},"5":{"start":{"line":6,"column":0},"end":{"line":6,"column":28}},"6":{"start":{"line":7,"column":0},"end":{"line":7,"column":22}},"7":{"start":{"line":8,"column":0},"end":{"line":8,"column":27}},"8":{"start":{"line":9,"column":0},"end":{"line":9,"column":7}},"10":{"start":{"line":11,"column":0},"end":{"line":11,"column":21}},"11":{"start":{"line":12,"column":0},"end":{"line":12,"column":29}},"12":{"start":{"line":13,"column":0},"end":{"line":13,"column":7}},"14":{"start":{"line":15,"column":0},"end":{"line":15,"column":50}},"15":{"start":{"line":16,"column":0},"end":{"line":16,"column":27}},"16":{"start":{"line":17,"column":0},"end":{"line":17,"column":102}},"17":{"start":{"line":18,"column":0},"end":{"line":18,"column":102}},"18":{"start":{"line":19,"column":0},"end":{"line":19,"column":10}},"20":{"start":{"line":21,"column":0},"end":{"line":21,"column":53}},"21":{"start":{"line":22,"column":0},"end":{"line":22,"column":21}},"22":{"start":{"line":23,"column":0},"end":{"line":23,"column":53}},"23":{"start":{"line":24,"column":0},"end":{"line":24,"column":23}},"25":{"start":{"line":26,"column":0},"end":{"line":26,"column":40}},"26":{"start":{"line":27,"column":0},"end":{"line":27,"column":41}},"27":{"start":{"line":28,"column":0},"end":{"line":28,"column":7}},"29":{"start":{"line":30,"column":0},"end":{"line":30,"column":60}},"30":{"start":{"line":31,"column":0},"end":{"line":31,"column":53}},"31":{"start":{"line":32,"column":0},"end":{"line":32,"column":22}},"32":{"start":{"line":33,"column":0},"end":{"line":33,"column":23}},"34":{"start":{"line":35,"column":0},"end":{"line":35,"column":74}},"35":{"start":{"line":36,"column":0},"end":{"line":36,"column":7}},"37":{"start":{"line":38,"column":0},"end":{"line":38,"column":69}},"38":{"start":{"line":39,"column":0},"end":{"line":39,"column":80}},"40":{"start":{"line":41,"column":0},"end":{"line":41,"column":67}},"41":{"start":{"line":42,"column":0},"end":{"line":42,"column":7}},"42":{"start":{"line":43,"column":0},"end":{"line":43,"column":3}}},"s":{"0":1,"1":1,"3":1,"5":1,"6":1,"7":3,"8":1,"10":1,"11":3,"12":1,"14":1,"15":1,"16":1,"17":1,"18":1,"20":1,"21":1,"22":1,"23":1,"25":1,"26":1,"27":1,"29":1,"30":1,"31":1,"32":1,"34":1,"35":1,"37":1,"38":1,"40":1,"41":1,"42":1},"branchMap":{"0":{"type":"branch","line":6,"loc":{"start":{"line":6,"column":21},"end":{"line":43,"column":3}},"locations":[{"start":{"line":6,"column":21},"end":{"line":43,"column":3}}]},"1":{"type":"branch","line":7,"loc":{"start":{"line":7,"column":15},"end":{"line":9,"column":5}},"locations":[{"start":{"line":7,"column":15},"end":{"line":9,"column":5}}]},"2":{"type":"branch","line":11,"loc":{"start":{"line":11,"column":14},"end":{"line":13,"column":5}},"locations":[{"start":{"line":11,"column":14},"end":{"line":13,"column":5}}]},"3":{"type":"branch","line":15,"loc":{"start":{"line":15,"column":37},"end":{"line":28,"column":5}},"locations":[{"start":{"line":15,"column":37},"end":{"line":28,"column":5}}]},"4":{"type":"branch","line":23,"loc":{"start":{"line":23,"column":18},"end":{"line":23,"column":53}},"locations":[{"start":{"line":23,"column":18},"end":{"line":23,"column":53}}]},"5":{"type":"branch","line":30,"loc":{"start":{"line":30,"column":47},"end":{"line":36,"column":5}},"locations":[{"start":{"line":30,"column":47},"end":{"line":36,"column":5}}]},"6":{"type":"branch","line":38,"loc":{"start":{"line":38,"column":56},"end":{"line":42,"column":5}},"locations":[{"start":{"line":38,"column":56},"end":{"line":42,"column":5}}]}},"b":{"0":[1],"1":[3],"2":[3],"3":[1],"4":[1],"5":[1],"6":[1]},"fnMap":{"0":{"name":"json","decl":{"start":{"line":23,"column":18},"end":{"line":23,"column":53}},"loc":{"start":{"line":23,"column":18},"end":{"line":23,"column":53}},"line":23}},"f":{"0":1}}
,"/Users/muradjabbarov/nextjs/tests/entry.client.test.tsx": {"path":"/Users/muradjabbarov/nextjs/tests/entry.client.test.tsx","all":false,"statementMap":{"0":{"start":{"line":1,"column":0},"end":{"line":1,"column":73}},"1":{"start":{"line":2,"column":0},"end":{"line":2,"column":47}},"2":{"start":{"line":3,"column":0},"end":{"line":3,"column":26}},"3":{"start":{"line":4,"column":0},"end":{"line":4,"column":48}},"9":{"start":{"line":10,"column":0},"end":{"line":10,"column":22}},"10":{"start":{"line":11,"column":0},"end":{"line":11,"column":27}},"11":{"start":{"line":12,"column":0},"end":{"line":12,"column":38}},"12":{"start":{"line":13,"column":0},"end":{"line":13,"column":11}},"13":{"start":{"line":14,"column":0},"end":{"line":14,"column":29}},"14":{"start":{"line":15,"column":0},"end":{"line":15,"column":6}},"15":{"start":{"line":16,"column":0},"end":{"line":16,"column":2}},"17":{"start":{"line":18,"column":0},"end":{"line":18,"column":20}},"18":{"start":{"line":19,"column":0},"end":{"line":19,"column":18}},"19":{"start":{"line":20,"column":0},"end":{"line":20,"column":27}},"20":{"start":{"line":21,"column":0},"end":{"line":21,"column":2}},"22":{"start":{"line":23,"column":0},"end":{"line":23,"column":17}},"23":{"start":{"line":24,"column":0},"end":{"line":24,"column":58}},"24":{"start":{"line":25,"column":0},"end":{"line":25,"column":72}},"25":{"start":{"line":26,"column":0},"end":{"line":26,"column":3}},"27":{"start":{"line":28,"column":0},"end":{"line":28,"column":16}},"28":{"start":{"line":29,"column":0},"end":{"line":29,"column":55}},"29":{"start":{"line":30,"column":0},"end":{"line":30,"column":71}},"30":{"start":{"line":31,"column":0},"end":{"line":31,"column":3}},"32":{"start":{"line":33,"column":0},"end":{"line":33,"column":18}},"33":{"start":{"line":34,"column":0},"end":{"line":34,"column":23}},"34":{"start":{"line":35,"column":0},"end":{"line":35,"column":3}},"36":{"start":{"line":37,"column":0},"end":{"line":37,"column":50}},"38":{"start":{"line":39,"column":0},"end":{"line":39,"column":40}},"40":{"start":{"line":41,"column":0},"end":{"line":41,"column":45}},"41":{"start":{"line":42,"column":0},"end":{"line":42,"column":17}},"42":{"start":{"line":43,"column":0},"end":{"line":43,"column":26}},"43":{"start":{"line":44,"column":0},"end":{"line":44,"column":28}},"44":{"start":{"line":45,"column":0},"end":{"line":45,"column":27}},"45":{"start":{"line":46,"column":0},"end":{"line":46,"column":6}},"46":{"start":{"line":47,"column":0},"end":{"line":47,"column":3}}},"s":{"0":1,"1":1,"2":1,"3":1,"9":1,"10":1,"11":1,"12":1,"13":1,"14":1,"15":1,"17":1,"18":1,"19":1,"20":1,"22":1,"23":1,"24":1,"25":1,"27":1,"28":1,"29":1,"30":1,"32":1,"33":1,"34":1,"36":1,"38":1,"40":1,"41":1,"42":1,"43":1,"44":1,"45":1,"46":1},"branchMap":{"0":{"type":"branch","line":23,"loc":{"start":{"line":23,"column":10},"end":{"line":26,"column":3}},"locations":[{"start":{"line":23,"column":10},"end":{"line":26,"column":3}}]},"1":{"type":"branch","line":28,"loc":{"start":{"line":28,"column":9},"end":{"line":31,"column":3}},"locations":[{"start":{"line":28,"column":9},"end":{"line":31,"column":3}}]},"2":{"type":"branch","line":33,"loc":{"start":{"line":33,"column":11},"end":{"line":35,"column":3}},"locations":[{"start":{"line":33,"column":11},"end":{"line":35,"column":3}}]},"3":{"type":"branch","line":37,"loc":{"start":{"line":37,"column":37},"end":{"line":47,"column":3}},"locations":[{"start":{"line":37,"column":37},"end":{"line":47,"column":3}}]}},"b":{"0":[1],"1":[1],"2":[1],"3":[1]},"fnMap":{},"f":{}}
,"/Users/muradjabbarov/nextjs/tests/entry.server.test.tsx": {"path":"/Users/muradjabbarov/nextjs/tests/entry.server.test.tsx","all":false,"statementMap":{"0":{"start":{"line":1,"column":0},"end":{"line":1,"column":62}},"1":{"start":{"line":2,"column":0},"end":{"line":2,"column":58}},"2":{"start":{"line":3,"column":0},"end":{"line":3,"column":48}},"3":{"start":{"line":4,"column":0},"end":{"line":4,"column":30}},"17":{"start":{"line":18,"column":0},"end":{"line":18,"column":21}},"18":{"start":{"line":19,"column":0},"end":{"line":19,"column":17}},"19":{"start":{"line":20,"column":0},"end":{"line":20,"column":21}},"20":{"start":{"line":21,"column":0},"end":{"line":21,"column":29}},"21":{"start":{"line":22,"column":0},"end":{"line":22,"column":15}},"22":{"start":{"line":23,"column":0},"end":{"line":23,"column":2}},"24":{"start":{"line":25,"column":0},"end":{"line":25,"column":33}},"25":{"start":{"line":26,"column":0},"end":{"line":26,"column":22}},"26":{"start":{"line":27,"column":0},"end":{"line":27,"column":27}},"27":{"start":{"line":28,"column":0},"end":{"line":28,"column":7}},"29":{"start":{"line":30,"column":0},"end":{"line":30,"column":60}},"30":{"start":{"line":31,"column":0},"end":{"line":31,"column":47}},"32":{"start":{"line":33,"column":0},"end":{"line":33,"column":59}},"33":{"start":{"line":34,"column":0},"end":{"line":34,"column":39}},"34":{"start":{"line":35,"column":0},"end":{"line":35,"column":46}},"36":{"start":{"line":37,"column":0},"end":{"line":37,"column":68}},"37":{"start":{"line":38,"column":0},"end":{"line":38,"column":42}},"38":{"start":{"line":39,"column":0},"end":{"line":39,"column":11}},"40":{"start":{"line":41,"column":0},"end":{"line":41,"column":129}},"41":{"start":{"line":42,"column":0},"end":{"line":42,"column":14}},"43":{"start":{"line":44,"column":0},"end":{"line":44,"column":64}},"44":{"start":{"line":45,"column":0},"end":{"line":45,"column":48}},"46":{"start":{"line":47,"column":0},"end":{"line":47,"column":59}},"47":{"start":{"line":48,"column":0},"end":{"line":48,"column":39}},"48":{"start":{"line":49,"column":0},"end":{"line":49,"column":46}},"50":{"start":{"line":51,"column":0},"end":{"line":51,"column":68}},"51":{"start":{"line":52,"column":0},"end":{"line":52,"column":42}},"52":{"start":{"line":53,"column":0},"end":{"line":53,"column":11}},"54":{"start":{"line":55,"column":0},"end":{"line":55,"column":129}},"55":{"start":{"line":56,"column":0},"end":{"line":56,"column":14}},"56":{"start":{"line":57,"column":0},"end":{"line":57,"column":3}}},"s":{"0":1,"1":1,"2":1,"3":1,"17":1,"18":1,"19":1,"20":1,"21":1,"22":1,"24":1,"25":1,"26":2,"27":1,"29":1,"30":1,"32":1,"33":1,"34":1,"36":1,"37":1,"38":1,"40":1,"41":1,"43":1,"44":1,"46":1,"47":1,"48":1,"50":1,"51":1,"52":1,"54":1,"55":1,"56":1},"branchMap":{"0":{"type":"branch","line":25,"loc":{"start":{"line":25,"column":26},"end":{"line":57,"column":3}},"locations":[{"start":{"line":25,"column":26},"end":{"line":57,"column":3}}]},"1":{"type":"branch","line":26,"loc":{"start":{"line":26,"column":15},"end":{"line":28,"column":5}},"locations":[{"start":{"line":26,"column":15},"end":{"line":28,"column":5}}]},"2":{"type":"branch","line":30,"loc":{"start":{"line":30,"column":47},"end":{"line":42,"column":7}},"locations":[{"start":{"line":30,"column":47},"end":{"line":42,"column":7}}]},"3":{"type":"branch","line":37,"loc":{"start":{"line":37,"column":61},"end":{"line":39,"column":9}},"locations":[{"start":{"line":37,"column":61},"end":{"line":39,"column":9}}]},"4":{"type":"branch","line":44,"loc":{"start":{"line":44,"column":51},"end":{"line":56,"column":7}},"locations":[{"start":{"line":44,"column":51},"end":{"line":56,"column":7}}]},"5":{"type":"branch","line":51,"loc":{"start":{"line":51,"column":61},"end":{"line":53,"column":9}},"locations":[{"start":{"line":51,"column":61},"end":{"line":53,"column":9}}]}},"b":{"0":[1],"1":[2],"2":[1],"3":[1],"4":[1],"5":[1]},"fnMap":{},"f":{}}
,"/Users/muradjabbarov/nextjs/tests/index.test.tsx": {"path":"/Users/muradjabbarov/nextjs/tests/index.test.tsx","all":false,"statementMap":{"0":{"start":{"line":1,"column":0},"end":{"line":1,"column":67}},"1":{"start":{"line":2,"column":0},"end":{"line":2,"column":48}},"2":{"start":{"line":3,"column":0},"end":{"line":3,"column":41}},"3":{"start":{"line":4,"column":0},"end":{"line":4,"column":61}},"5":{"start":{"line":6,"column":0},"end":{"line":6,"column":71}},"8":{"start":{"line":9,"column":0},"end":{"line":9,"column":27}},"9":{"start":{"line":10,"column":0},"end":{"line":10,"column":94}},"10":{"start":{"line":11,"column":0},"end":{"line":11,"column":94}},"11":{"start":{"line":12,"column":0},"end":{"line":12,"column":2}},"22":{"start":{"line":23,"column":0},"end":{"line":23,"column":60}},"53":{"start":{"line":54,"column":0},"end":{"line":54,"column":35}},"54":{"start":{"line":55,"column":0},"end":{"line":55,"column":21}},"55":{"start":{"line":56,"column":0},"end":{"line":56,"column":45}},"56":{"start":{"line":57,"column":0},"end":{"line":57,"column":7}},"58":{"start":{"line":59,"column":0},"end":{"line":59,"column":20}},"59":{"start":{"line":60,"column":0},"end":{"line":60,"column":29}},"60":{"start":{"line":61,"column":0},"end":{"line":61,"column":7}},"62":{"start":{"line":63,"column":0},"end":{"line":63,"column":35}},"63":{"start":{"line":64,"column":0},"end":{"line":64,"column":15}},"64":{"start":{"line":65,"column":0},"end":{"line":65,"column":26}},"65":{"start":{"line":66,"column":0},"end":{"line":66,"column":31}},"66":{"start":{"line":67,"column":0},"end":{"line":67,"column":29}},"67":{"start":{"line":68,"column":0},"end":{"line":68,"column":32}},"68":{"start":{"line":69,"column":0},"end":{"line":69,"column":27}},"69":{"start":{"line":70,"column":0},"end":{"line":70,"column":10}},"71":{"start":{"line":72,"column":0},"end":{"line":72,"column":67}},"72":{"start":{"line":73,"column":0},"end":{"line":73,"column":81}},"73":{"start":{"line":74,"column":0},"end":{"line":74,"column":7}},"75":{"start":{"line":76,"column":0},"end":{"line":76,"column":46}},"76":{"start":{"line":77,"column":0},"end":{"line":77,"column":15}},"77":{"start":{"line":78,"column":0},"end":{"line":78,"column":26}},"78":{"start":{"line":79,"column":0},"end":{"line":79,"column":31}},"79":{"start":{"line":80,"column":0},"end":{"line":80,"column":29}},"80":{"start":{"line":81,"column":0},"end":{"line":81,"column":32}},"81":{"start":{"line":82,"column":0},"end":{"line":82,"column":27}},"82":{"start":{"line":83,"column":0},"end":{"line":83,"column":10}},"84":{"start":{"line":85,"column":0},"end":{"line":85,"column":52}},"85":{"start":{"line":86,"column":0},"end":{"line":86,"column":36}},"86":{"start":{"line":87,"column":0},"end":{"line":87,"column":58}},"88":{"start":{"line":89,"column":0},"end":{"line":89,"column":52}},"89":{"start":{"line":90,"column":0},"end":{"line":90,"column":36}},"90":{"start":{"line":91,"column":0},"end":{"line":91,"column":58}},"91":{"start":{"line":92,"column":0},"end":{"line":92,"column":7}},"93":{"start":{"line":94,"column":0},"end":{"line":94,"column":55}},"94":{"start":{"line":95,"column":0},"end":{"line":95,"column":15}},"95":{"start":{"line":96,"column":0},"end":{"line":96,"column":26}},"96":{"start":{"line":97,"column":0},"end":{"line":97,"column":31}},"97":{"start":{"line":98,"column":0},"end":{"line":98,"column":29}},"98":{"start":{"line":99,"column":0},"end":{"line":99,"column":32}},"99":{"start":{"line":100,"column":0},"end":{"line":100,"column":27}},"100":{"start":{"line":101,"column":0},"end":{"line":101,"column":10}},"102":{"start":{"line":103,"column":0},"end":{"line":103,"column":61}},"103":{"start":{"line":104,"column":0},"end":{"line":104,"column":38}},"105":{"start":{"line":106,"column":0},"end":{"line":106,"column":65}},"107":{"start":{"line":108,"column":0},"end":{"line":108,"column":61}},"108":{"start":{"line":109,"column":0},"end":{"line":109,"column":37}},"110":{"start":{"line":111,"column":0},"end":{"line":111,"column":71}},"111":{"start":{"line":112,"column":0},"end":{"line":112,"column":7}},"112":{"start":{"line":113,"column":0},"end":{"line":113,"column":3}}},"s":{"0":1,"1":1,"2":1,"3":1,"5":1,"8":1,"9":1,"10":1,"11":1,"22":1,"53":1,"54":1,"55":1,"56":1,"58":1,"59":1,"60":1,"62":1,"63":1,"64":1,"65":1,"66":1,"67":1,"68":1,"69":1,"71":1,"72":1,"73":1,"75":1,"76":1,"77":1,"78":1,"79":1,"80":1,"81":1,"82":1,"84":1,"85":1,"86":1,"88":1,"89":1,"90":1,"91":1,"93":1,"94":1,"95":1,"96":1,"97":1,"98":1,"99":1,"100":1,"102":1,"103":1,"105":1,"107":1,"108":1,"110":1,"111":1,"112":1},"branchMap":{"0":{"type":"branch","line":54,"loc":{"start":{"line":54,"column":28},"end":{"line":113,"column":3}},"locations":[{"start":{"line":54,"column":28},"end":{"line":113,"column":3}}]},"1":{"type":"branch","line":55,"loc":{"start":{"line":55,"column":14},"end":{"line":57,"column":5}},"locations":[{"start":{"line":55,"column":14},"end":{"line":57,"column":5}}]},"2":{"type":"branch","line":59,"loc":{"start":{"line":59,"column":13},"end":{"line":61,"column":5}},"locations":[{"start":{"line":59,"column":13},"end":{"line":61,"column":5}}]},"3":{"type":"branch","line":63,"loc":{"start":{"line":63,"column":28},"end":{"line":74,"column":5}},"locations":[{"start":{"line":63,"column":28},"end":{"line":74,"column":5}}]},"4":{"type":"branch","line":76,"loc":{"start":{"line":76,"column":39},"end":{"line":92,"column":5}},"locations":[{"start":{"line":76,"column":39},"end":{"line":92,"column":5}}]},"5":{"type":"branch","line":94,"loc":{"start":{"line":94,"column":48},"end":{"line":112,"column":5}},"locations":[{"start":{"line":94,"column":48},"end":{"line":112,"column":5}}]}},"b":{"0":[1],"1":[1],"2":[1],"3":[1],"4":[1],"5":[1]},"fnMap":{},"f":{}}
}
